#
# A fatal error has been detected by the Java Runtime Environment:
#
#  EXCEPTION_ACCESS_VIOLATION (0xc0000005) at pc=0x00007ffac8e3d169, pid=1200, tid=24756
#
# JRE version: Java(TM) SE Runtime Environment (21.0.2+13) (build 21.0.2+13-LTS-58)
# Java VM: Java HotSpot(TM) 64-Bit Server VM (21.0.2+13-LTS-58, mixed mode, sharing, tiered, compressed oops, compressed class ptrs, g1 gc, windows-amd64)
# Problematic frame:
# C  [ig11icd64.dll+0x56d169]
#
# No core dump will be written. Minidumps are not enabled by default on client versions of Windows
#
# If you would like to submit a bug report, please visit:
#   https://bugreport.java.com/bugreport/crash.jsp
#

---------------  S U M M A R Y ------------

Command Line: -agentlib:jdwp=transport=dt_socket,address=127.0.0.1:52859,suspend=y,server=n -javaagent:C:\Users\mommy\AppData\Local\JetBrains\IdeaIC2024.2\captureAgent\debugger-agent.jar -Dkotlinx.coroutines.debug.enable.creation.stack.trace=false -Ddebugger.agent.enable.coroutines=true -Dfile.encoding=UTF-8 -Dsun.stdout.encoding=UTF-8 -Dsun.stderr.encoding=UTF-8 com.tecksupport.Main

Host: Intel(R) Core(TM) i7-1065G7 CPU @ 1.30GHz, 8 cores, 15G,  Windows 11 , 64 bit Build 22621 (10.0.22621.3958)
Time: Fri Oct 25 08:26:04 2024 Pacific Daylight Time elapsed time: 35.859672 seconds (0d 0h 0m 35s)

---------------  T H R E A D  ---------------

Current thread (0x0000025e55b76a80):  VMThread "VM Thread"          [id=24756, stack(0x0000006201300000,0x0000006201400000) (1024K)]

Stack: [0x0000006201300000,0x0000006201400000],  sp=0x00000062013fe910,  free space=1018k
Native frames: (J=compiled Java code, j=interpreted, Vv=VM code, C=native code)
C  [ig11icd64.dll+0x56d169]


siginfo: EXCEPTION_ACCESS_VIOLATION (0xc0000005), reading address 0x0000000000035378


Registers:
RAX=0x0000025e9c7a0160, RBX=0x0000025e9c7a0030, RCX=0x0000000000000000, RDX=0x0000025e9c7a0120
RSP=0x00000062013fe910, RBP=0x0000000000000000, RSI=0x0000025e9c7a0568, RDI=0x0000025e56d5a2b0
R8 =0x0000000000000014, R9 =0x0000000000000000, R10=0x0000000000000000, R11=0x0000000000000246
R12=0x0000000000000000, R13=0x0000000000000000, R14=0x0000000000000000, R15=0x0000000000000000
RIP=0x00007ffac8e3d169, EFLAGS=0x0000000000010206


Register to memory mapping:

RAX=0x0000025e9c7a0160 points into unknown readable memory: 0x0000000000000029 | 29 00 00 00 00 00 00 00
RBX=0x0000025e9c7a0030 points into unknown readable memory: 0x0000025e9c231540 | 40 15 23 9c 5e 02 00 00
RCX=0x0 is null
RDX=0x0000025e9c7a0120 points into unknown readable memory: 0x0000000000000000 | 00 00 00 00 00 00 00 00
RSP=0x00000062013fe910 points into unknown readable memory: 0x0000025e9c1df630 | 30 f6 1d 9c 5e 02 00 00
RBP=0x0 is null
RSI=0x0000025e9c7a0568 points into unknown readable memory: 0x0000000000000000 | 00 00 00 00 00 00 00 00
RDI=0x0000025e56d5a2b0 points into unknown readable memory: 0x00007ffb44916b00 | 00 6b 91 44 fb 7f 00 00
R8 =0x0000000000000014 is an unknown value
R9 =0x0 is null
R10=0x0 is null
R11=0x0000000000000246 is an unknown value
R12=0x0 is null
R13=0x0 is null
R14=0x0 is null
R15=0x0 is null

Top of Stack: (sp=0x00000062013fe910)
0x00000062013fe910:   0000025e9c1df630 d692020b279002f7
0x00000062013fe920:   00000062013fe958 0000005400000000
0x00000062013fe930:   00007ffac982b740 0000000000000000
0x00000062013fe940:   0000025e9c669350 0000000000000078
0x00000062013fe950:   0000000000000000 00007ffac8e1e3ea
0x00000062013fe960:   0000025e9c1df630 0000025e56d5a2b0
0x00000062013fe970:   00000062013fea60 000000000000002a
0x00000062013fe980:   0000006200000694 c7cb014100000000
0x00000062013fe990:   0000000000000000 a2cd0291f3cc02d1
0x00000062013fe9a0:   24d302f481cf031f b1da03209bd6031a
0x00000062013fe9b0:   d9e101410bdd031a ebe70281fce202b1
0x00000062013fe9c0:   aae803209be80140 d6ef0221b3e80325
0x00000062013fe9d0:   bdf20326d4f002ba 60f302f512f302c4
0x00000062013fe9e0:   a7f702b0a2f302eb 000a030a74f8027e
0x00000062013fe9f0:   02feef3600000140 028f356300b4114b
0x00000062013fea00:   013d756e00902c68 0278d79802005d8a
0x00000062013fea10:   0000b80200700000 0000000000000694
0x00000062013fea20:   0000000000000000 4000230000000001
0x00000062013fea30:   0000000000000000 0000000000000000
0x00000062013fea40:   0000000000000000 0000000000000000
0x00000062013fea50:   0000000000000000 0000000000000000
0x00000062013fea60:   0000000000000000 0000000000000000
0x00000062013fea70:   0000000000000000 0000000000000000
0x00000062013fea80:   0000000000000000 0000000000000000
0x00000062013fea90:   0000000000000000 0000000000000000
0x00000062013feaa0:   0000000000000000 0000000000000000
0x00000062013feab0:   0000000000000000 0000000000000000
0x00000062013feac0:   0000000000000000 0000000000000000
0x00000062013fead0:   0000000000000000 0000000000000000
0x00000062013feae0:   0000000000000000 0000000000000000
0x00000062013feaf0:   0000000000000000 0000000000000000
0x00000062013feb00:   0000000000000000 0000000000000000 

Instructions: (pc=0x00007ffac8e3d169)
0x00007ffac8e3d069:   30 44 38 24 01 75 05 e8 a3 1b f9 ff 65 48 8b 04
0x00007ffac8e3d079:   25 58 00 00 00 41 be 20 00 00 00 48 8b 04 30 4d
0x00007ffac8e3d089:   8b 34 06 48 85 ed 0f 84 6f 03 00 00 66 66 66 0f
0x00007ffac8e3d099:   1f 84 00 00 00 00 00 48 8b dd 48 8d b5 38 05 00
0x00007ffac8e3d0a9:   00 48 8b 2e 45 84 ff 74 1d 48 8b 0b 48 8b d3 80
0x00007ffac8e3d0b9:   bb 8a 05 00 00 00 0f 85 f2 02 00 00 e8 a6 63 fe
0x00007ffac8e3d0c9:   ff e9 f4 02 00 00 8b 8f d0 01 00 00 48 8b 05 84
0x00007ffac8e3d0d9:   21 8f 00 83 b8 64 03 00 00 02 0f 85 f4 00 00 00
0x00007ffac8e3d0e9:   48 8d 93 f0 00 00 00 83 f9 10 73 04 8b c1 eb 56
0x00007ffac8e3d0f9:   44 8d 41 f0 41 8b c0 c1 e8 04 83 f8 03 73 20 0f
0x00007ffac8e3d109:   ae e8 41 83 e0 0f 4c 8b 8c c2 00 04 00 00 4d 85
0x00007ffac8e3d119:   c9 74 25 41 8b c0 48 c1 e0 06 49 03 c1 eb 2e 48
0x00007ffac8e3d129:   8b 82 18 04 00 00 48 85 c0 74 0d 39 08 74 29 48
0x00007ffac8e3d139:   8b 40 48 48 85 c0 75 f3 80 ba 20 04 00 00 00 74
0x00007ffac8e3d149:   1d 8b c1 83 e0 0f 48 c1 e0 06 48 03 c2 48 85 c0
0x00007ffac8e3d159:   74 0c 48 8b 48 08 eb 08 48 83 c0 08 eb ef 33 c9
0x00007ffac8e3d169:   49 3b 8e 78 53 03 00 76 6b 48 8b 87 80 02 00 00
0x00007ffac8e3d179:   48 89 06 48 89 9f 80 02 00 00 ff 87 88 02 00 00
0x00007ffac8e3d189:   48 8b 4b 08 48 8b 01 ba 01 00 00 00 48 8b 80 d8
0x00007ffac8e3d199:   02 00 00 ff 15 5e 54 59 00 0f b7 c8 48 2b c1 48
0x00007ffac8e3d1a9:   05 00 00 01 00 48 01 87 90 02 00 00 48 8b 4b 08
0x00007ffac8e3d1b9:   48 8b 01 ba 01 00 00 00 48 8b 80 d8 02 00 00 ff
0x00007ffac8e3d1c9:   15 32 54 59 00 48 01 87 a0 02 00 00 41 b4 01 e9
0x00007ffac8e3d1d9:   e6 01 00 00 44 8b 9f d0 01 00 00 48 8b 87 e8 01
0x00007ffac8e3d1e9:   00 00 4c 8b 10 8b 8f d0 01 00 00 48 8d 93 f0 00
0x00007ffac8e3d1f9:   00 00 83 f9 10 73 04 8b c1 eb 57 44 8d 41 f0 41
0x00007ffac8e3d209:   8b c0 c1 e8 04 83 f8 03 73 20 0f ae e8 41 83 e0
0x00007ffac8e3d219:   0f 4c 8b 8c c2 00 04 00 00 4d 85 c9 74 26 41 8b
0x00007ffac8e3d229:   c0 48 c1 e0 06 49 03 c1 eb 2f 48 8b 82 18 04 00
0x00007ffac8e3d239:   00 48 85 c0 74 0e 90 39 08 74 3c 48 8b 40 48 48
0x00007ffac8e3d249:   85 c0 75 f3 80 ba 20 04 00 00 00 74 1b 8b c1 83
0x00007ffac8e3d259:   e0 0f 48 c1 e0 06 48 03 c2 48 85 c0 74 0a 4c 39 


Stack slot to memory mapping:

stack at sp + 0 slots: 0x0000025e9c1df630 points into unknown readable memory: 0xffffffffffffffff | ff ff ff ff ff ff ff ff
stack at sp + 1 slots: 0xd692020b279002f7 is an unknown value
stack at sp + 2 slots: 0x00000062013fe958 points into unknown readable memory: 0x00007ffac8e1e3ea | ea e3 e1 c8 fa 7f 00 00
stack at sp + 3 slots: 0x0000005400000000 is an unknown value
stack at sp + 4 slots: 0x00007ffac982b740 ig11icd64.dll
stack at sp + 5 slots: 0x0 is null
stack at sp + 6 slots: 0x0000025e9c669350 points into unknown readable memory: 0x0000000000000000 | 00 00 00 00 00 00 00 00
stack at sp + 7 slots: 0x0000000000000078 is an unknown value

VM_Operation (0x0000006202fff1c0): Exit, mode: safepoint, requested by thread 0x0000025e56c8a5b0


---------------  P R O C E S S  ---------------

Threads class SMR info:
_java_thread_list=0x0000025ea379d0b0, length=14, elements={
0x0000025e34e532a0, 0x0000025e55b98a00, 0x0000025e55b9a470, 0x0000025e55b9c600,
0x0000025e55b9d2e0, 0x0000025e55b9dd40, 0x0000025e56b9a0a0, 0x0000025e56ba2aa0,
0x0000025e56ba7550, 0x0000025e56c8c680, 0x0000025e56da1530, 0x0000025e56c8cd10,
0x0000025e56c89f20, 0x0000025e56c8a5b0
}

Java Threads: ( => current thread )
  0x0000025e34e532a0 JavaThread "main"                              [_thread_blocked, id=21448, stack(0x0000006200b00000,0x0000006200c00000) (1024K)]
  0x0000025e55b98a00 JavaThread "Reference Handler"          daemon [_thread_blocked, id=15384, stack(0x0000006201400000,0x0000006201500000) (1024K)]
  0x0000025e55b9a470 JavaThread "Finalizer"                  daemon [_thread_blocked, id=26360, stack(0x0000006201500000,0x0000006201600000) (1024K)]
  0x0000025e55b9c600 JavaThread "Signal Dispatcher"          daemon [_thread_blocked, id=12736, stack(0x0000006201600000,0x0000006201700000) (1024K)]
  0x0000025e55b9d2e0 JavaThread "Attach Listener"            daemon [_thread_blocked, id=25984, stack(0x0000006201700000,0x0000006201800000) (1024K)]
  0x0000025e55b9dd40 JavaThread "Service Thread"             daemon [_thread_blocked, id=15076, stack(0x0000006201800000,0x0000006201900000) (1024K)]
  0x0000025e56b9a0a0 JavaThread "Monitor Deflation Thread"   daemon [_thread_blocked, id=9580, stack(0x0000006201900000,0x0000006201a00000) (1024K)]
  0x0000025e56ba2aa0 JavaThread "C2 CompilerThread0"         daemon [_thread_blocked, id=19108, stack(0x0000006201a00000,0x0000006201b00000) (1024K)]
  0x0000025e56ba7550 JavaThread "C1 CompilerThread0"         daemon [_thread_blocked, id=23900, stack(0x0000006201b00000,0x0000006201c00000) (1024K)]
  0x0000025e56c8c680 JavaThread "Common-Cleaner"             daemon [_thread_blocked, id=26188, stack(0x0000006201c00000,0x0000006201d00000) (1024K)]
  0x0000025e56da1530 JavaThread "JDWP Event Helper Thread"   daemon [_thread_blocked, id=19936, stack(0x0000006201e00000,0x0000006201f00000) (1024K)]
  0x0000025e56c8cd10 JavaThread "Notification Thread"        daemon [_thread_blocked, id=9720, stack(0x0000006202000000,0x0000006202100000) (1024K)]
  0x0000025e56c89f20 JavaThread "Java2D Disposer"            daemon [_thread_blocked, id=7940, stack(0x0000006202b00000,0x0000006202c00000) (1024K)]
  0x0000025e56c8a5b0 JavaThread "SIGINT handler"             daemon [_thread_blocked, id=4944, stack(0x0000006202f00000,0x0000006203000000) (1024K)]
Total: 14

Other Threads:
=>0x0000025e55b76a80 VMThread "VM Thread"                           [id=24756, stack(0x0000006201300000,0x0000006201400000) (1024K)]
  0x0000025e372a2030 WorkerThread "GC Thread#0"                     [id=6528, stack(0x0000006200d00000,0x0000006200e00000) (1024K)]
  0x0000025e9c1201d0 WorkerThread "GC Thread#1"                     [id=18828, stack(0x0000006201d00000,0x0000006201e00000) (1024K)]
  0x0000025e56e436e0 WorkerThread "GC Thread#2"                     [id=28572, stack(0x0000006201f00000,0x0000006202000000) (1024K)]
  0x0000025e56e9dfb0 WorkerThread "GC Thread#3"                     [id=28332, stack(0x0000006202900000,0x0000006202a00000) (1024K)]
  0x0000025e56e9d7e0 WorkerThread "GC Thread#4"                     [id=17764, stack(0x0000006202a00000,0x0000006202b00000) (1024K)]
  0x0000025e56e3ce60 WorkerThread "GC Thread#5"                     [id=6372, stack(0x0000006202c00000,0x0000006202d00000) (1024K)]
  0x0000025e56e38230 WorkerThread "GC Thread#6"                     [id=20708, stack(0x0000006202d00000,0x0000006202e00000) (1024K)]
  0x0000025ea3679b90 WorkerThread "GC Thread#7"                     [id=3968, stack(0x0000006202e00000,0x0000006202f00000) (1024K)]
  0x0000025e372b2f20 ConcurrentGCThread "G1 Main Marker"            terminated
  0x0000025e372b52e0 WorkerThread "G1 Conc#0"                       [id=16104, stack(0x0000006200f00000,0x0000006201000000) (1024K)]
  0x0000025e372beb30 ConcurrentGCThread "G1 Refine#0"               terminated
  0x0000025e55a30120 ConcurrentGCThread "G1 Service"                terminated
Total: 13

Threads with active compile tasks:
Total: 0

VM state: at safepoint (shutting down)

VM Mutex/Monitor currently owned by a thread:  ([mutex/lock_event])
[0x00007ffadd71cd68] Threads_lock - owner thread: 0x0000025e55b76a80
[0x00007ffadd71ce68] Heap_lock - owner thread: 0x0000025e56c8a5b0

Heap address: 0x0000000703800000, size: 4040 MB, Compressed Oops mode: Zero based, Oop shift amount: 3

CDS archive(s) mapped at: [0x0000025e57000000-0x0000025e57c90000-0x0000025e57c90000), size 13172736, SharedBaseAddress: 0x0000025e57000000, ArchiveRelocationMode: 1.
Compressed class space mapped at: 0x0000025e58000000-0x0000025e98000000, reserved size: 1073741824
Narrow klass base: 0x0000025e57000000, Narrow klass shift: 0, Narrow klass range: 0x100000000

GC Precious Log:
 CardTable entry size: 512
 Card Set container configuration: InlinePtr #cards 4 size 8 Array Of Cards #cards 16 size 48 Howl #buckets 8 coarsen threshold 3686 Howl Bitmap #cards 512 size 80 coarsen threshold 460 Card regions per heap region 1 cards per card region 4096
 CPUs: 8 total, 8 available
 Memory: 16153M
 Large Page Support: Disabled
 NUMA Support: Disabled
 Compressed Oops: Enabled (Zero based)
 Heap Region Size: 2M
 Heap Min Capacity: 8M
 Heap Initial Capacity: 254M
 Heap Max Capacity: 4040M
 Pre-touch: Disabled
 Parallel Workers: 8
 Concurrent Workers: 2
 Concurrent Refinement Workers: 8
 Periodic GC: Disabled

Heap:
 garbage-first heap   total 260096K, used 2687K [0x0000000703800000, 0x0000000800000000)
  region size 2048K, 3 young (6144K), 2 survivors (4096K)
 Metaspace       used 7315K, committed 7552K, reserved 1114112K
  class space    used 458K, committed 576K, reserved 1048576K

Heap Regions: E=young(eden), S=young(survivor), O=old, HS=humongous(starts), HC=humongous(continues), CS=collection set, F=free, TAMS=top-at-mark-start, PB=parsable bottom
|   0|0x0000000703800000, 0x0000000703800000, 0x0000000703a00000|  0%| F|  |TAMS 0x0000000703800000| PB 0x0000000703800000| Untracked 
|   1|0x0000000703a00000, 0x0000000703a00000, 0x0000000703c00000|  0%| F|  |TAMS 0x0000000703a00000| PB 0x0000000703a00000| Untracked 
|   2|0x0000000703c00000, 0x0000000703c00000, 0x0000000703e00000|  0%| F|  |TAMS 0x0000000703c00000| PB 0x0000000703c00000| Untracked 
|   3|0x0000000703e00000, 0x0000000703e00000, 0x0000000704000000|  0%| F|  |TAMS 0x0000000703e00000| PB 0x0000000703e00000| Untracked 
|   4|0x0000000704000000, 0x0000000704000000, 0x0000000704200000|  0%| F|  |TAMS 0x0000000704000000| PB 0x0000000704000000| Untracked 
|   5|0x0000000704200000, 0x0000000704200000, 0x0000000704400000|  0%| F|  |TAMS 0x0000000704200000| PB 0x0000000704200000| Untracked 
|   6|0x0000000704400000, 0x0000000704400000, 0x0000000704600000|  0%| F|  |TAMS 0x0000000704400000| PB 0x0000000704400000| Untracked 
|   7|0x0000000704600000, 0x0000000704600000, 0x0000000704800000|  0%| F|  |TAMS 0x0000000704600000| PB 0x0000000704600000| Untracked 
|   8|0x0000000704800000, 0x0000000704800000, 0x0000000704a00000|  0%| F|  |TAMS 0x0000000704800000| PB 0x0000000704800000| Untracked 
|   9|0x0000000704a00000, 0x0000000704a00000, 0x0000000704c00000|  0%| F|  |TAMS 0x0000000704a00000| PB 0x0000000704a00000| Untracked 
|  10|0x0000000704c00000, 0x0000000704c00000, 0x0000000704e00000|  0%| F|  |TAMS 0x0000000704c00000| PB 0x0000000704c00000| Untracked 
|  11|0x0000000704e00000, 0x0000000704e00000, 0x0000000705000000|  0%| F|  |TAMS 0x0000000704e00000| PB 0x0000000704e00000| Untracked 
|  12|0x0000000705000000, 0x0000000705000000, 0x0000000705200000|  0%| F|  |TAMS 0x0000000705000000| PB 0x0000000705000000| Untracked 
|  13|0x0000000705200000, 0x0000000705200000, 0x0000000705400000|  0%| F|  |TAMS 0x0000000705200000| PB 0x0000000705200000| Untracked 
|  14|0x0000000705400000, 0x0000000705400000, 0x0000000705600000|  0%| F|  |TAMS 0x0000000705400000| PB 0x0000000705400000| Untracked 
|  15|0x0000000705600000, 0x0000000705600000, 0x0000000705800000|  0%| F|  |TAMS 0x0000000705600000| PB 0x0000000705600000| Untracked 
|  16|0x0000000705800000, 0x0000000705800000, 0x0000000705a00000|  0%| F|  |TAMS 0x0000000705800000| PB 0x0000000705800000| Untracked 
|  17|0x0000000705a00000, 0x0000000705a00000, 0x0000000705c00000|  0%| F|  |TAMS 0x0000000705a00000| PB 0x0000000705a00000| Untracked 
|  18|0x0000000705c00000, 0x0000000705c00000, 0x0000000705e00000|  0%| F|  |TAMS 0x0000000705c00000| PB 0x0000000705c00000| Untracked 
|  19|0x0000000705e00000, 0x0000000705e00000, 0x0000000706000000|  0%| F|  |TAMS 0x0000000705e00000| PB 0x0000000705e00000| Untracked 
|  20|0x0000000706000000, 0x0000000706000000, 0x0000000706200000|  0%| F|  |TAMS 0x0000000706000000| PB 0x0000000706000000| Untracked 
|  21|0x0000000706200000, 0x0000000706200000, 0x0000000706400000|  0%| F|  |TAMS 0x0000000706200000| PB 0x0000000706200000| Untracked 
|  22|0x0000000706400000, 0x0000000706400000, 0x0000000706600000|  0%| F|  |TAMS 0x0000000706400000| PB 0x0000000706400000| Untracked 
|  23|0x0000000706600000, 0x0000000706600000, 0x0000000706800000|  0%| F|  |TAMS 0x0000000706600000| PB 0x0000000706600000| Untracked 
|  24|0x0000000706800000, 0x0000000706800000, 0x0000000706a00000|  0%| F|  |TAMS 0x0000000706800000| PB 0x0000000706800000| Untracked 
|  25|0x0000000706a00000, 0x0000000706a00000, 0x0000000706c00000|  0%| F|  |TAMS 0x0000000706a00000| PB 0x0000000706a00000| Untracked 
|  26|0x0000000706c00000, 0x0000000706c00000, 0x0000000706e00000|  0%| F|  |TAMS 0x0000000706c00000| PB 0x0000000706c00000| Untracked 
|  27|0x0000000706e00000, 0x0000000706e00000, 0x0000000707000000|  0%| F|  |TAMS 0x0000000706e00000| PB 0x0000000706e00000| Untracked 
|  28|0x0000000707000000, 0x0000000707000000, 0x0000000707200000|  0%| F|  |TAMS 0x0000000707000000| PB 0x0000000707000000| Untracked 
|  29|0x0000000707200000, 0x0000000707200000, 0x0000000707400000|  0%| F|  |TAMS 0x0000000707200000| PB 0x0000000707200000| Untracked 
|  30|0x0000000707400000, 0x0000000707400000, 0x0000000707600000|  0%| F|  |TAMS 0x0000000707400000| PB 0x0000000707400000| Untracked 
|  31|0x0000000707600000, 0x0000000707600000, 0x0000000707800000|  0%| F|  |TAMS 0x0000000707600000| PB 0x0000000707600000| Untracked 
|  32|0x0000000707800000, 0x0000000707800000, 0x0000000707a00000|  0%| F|  |TAMS 0x0000000707800000| PB 0x0000000707800000| Untracked 
|  33|0x0000000707a00000, 0x0000000707a00000, 0x0000000707c00000|  0%| F|  |TAMS 0x0000000707a00000| PB 0x0000000707a00000| Untracked 
|  34|0x0000000707c00000, 0x0000000707c00000, 0x0000000707e00000|  0%| F|  |TAMS 0x0000000707c00000| PB 0x0000000707c00000| Untracked 
|  35|0x0000000707e00000, 0x0000000707e00000, 0x0000000708000000|  0%| F|  |TAMS 0x0000000707e00000| PB 0x0000000707e00000| Untracked 
|  36|0x0000000708000000, 0x0000000708000000, 0x0000000708200000|  0%| F|  |TAMS 0x0000000708000000| PB 0x0000000708000000| Untracked 
|  37|0x0000000708200000, 0x0000000708200000, 0x0000000708400000|  0%| F|  |TAMS 0x0000000708200000| PB 0x0000000708200000| Untracked 
|  38|0x0000000708400000, 0x0000000708400000, 0x0000000708600000|  0%| F|  |TAMS 0x0000000708400000| PB 0x0000000708400000| Untracked 
|  39|0x0000000708600000, 0x0000000708600000, 0x0000000708800000|  0%| F|  |TAMS 0x0000000708600000| PB 0x0000000708600000| Untracked 
|  40|0x0000000708800000, 0x0000000708800000, 0x0000000708a00000|  0%| F|  |TAMS 0x0000000708800000| PB 0x0000000708800000| Untracked 
|  41|0x0000000708a00000, 0x0000000708a00000, 0x0000000708c00000|  0%| F|  |TAMS 0x0000000708a00000| PB 0x0000000708a00000| Untracked 
|  42|0x0000000708c00000, 0x0000000708c00000, 0x0000000708e00000|  0%| F|  |TAMS 0x0000000708c00000| PB 0x0000000708c00000| Untracked 
|  43|0x0000000708e00000, 0x0000000708e00000, 0x0000000709000000|  0%| F|  |TAMS 0x0000000708e00000| PB 0x0000000708e00000| Untracked 
|  44|0x0000000709000000, 0x0000000709000000, 0x0000000709200000|  0%| F|  |TAMS 0x0000000709000000| PB 0x0000000709000000| Untracked 
|  45|0x0000000709200000, 0x0000000709200000, 0x0000000709400000|  0%| F|  |TAMS 0x0000000709200000| PB 0x0000000709200000| Untracked 
|  46|0x0000000709400000, 0x0000000709400000, 0x0000000709600000|  0%| F|  |TAMS 0x0000000709400000| PB 0x0000000709400000| Untracked 
|  47|0x0000000709600000, 0x0000000709600000, 0x0000000709800000|  0%| F|  |TAMS 0x0000000709600000| PB 0x0000000709600000| Untracked 
|  48|0x0000000709800000, 0x0000000709800000, 0x0000000709a00000|  0%| F|  |TAMS 0x0000000709800000| PB 0x0000000709800000| Untracked 
|  49|0x0000000709a00000, 0x0000000709a00000, 0x0000000709c00000|  0%| F|  |TAMS 0x0000000709a00000| PB 0x0000000709a00000| Untracked 
|  50|0x0000000709c00000, 0x0000000709c00000, 0x0000000709e00000|  0%| F|  |TAMS 0x0000000709c00000| PB 0x0000000709c00000| Untracked 
|  51|0x0000000709e00000, 0x0000000709e00000, 0x000000070a000000|  0%| F|  |TAMS 0x0000000709e00000| PB 0x0000000709e00000| Untracked 
|  52|0x000000070a000000, 0x000000070a000000, 0x000000070a200000|  0%| F|  |TAMS 0x000000070a000000| PB 0x000000070a000000| Untracked 
|  53|0x000000070a200000, 0x000000070a200000, 0x000000070a400000|  0%| F|  |TAMS 0x000000070a200000| PB 0x000000070a200000| Untracked 
|  54|0x000000070a400000, 0x000000070a400000, 0x000000070a600000|  0%| F|  |TAMS 0x000000070a400000| PB 0x000000070a400000| Untracked 
|  55|0x000000070a600000, 0x000000070a600000, 0x000000070a800000|  0%| F|  |TAMS 0x000000070a600000| PB 0x000000070a600000| Untracked 
|  56|0x000000070a800000, 0x000000070a800000, 0x000000070aa00000|  0%| F|  |TAMS 0x000000070a800000| PB 0x000000070a800000| Untracked 
|  57|0x000000070aa00000, 0x000000070aa00000, 0x000000070ac00000|  0%| F|  |TAMS 0x000000070aa00000| PB 0x000000070aa00000| Untracked 
|  58|0x000000070ac00000, 0x000000070ac00000, 0x000000070ae00000|  0%| F|  |TAMS 0x000000070ac00000| PB 0x000000070ac00000| Untracked 
|  59|0x000000070ae00000, 0x000000070ae00000, 0x000000070b000000|  0%| F|  |TAMS 0x000000070ae00000| PB 0x000000070ae00000| Untracked 
|  60|0x000000070b000000, 0x000000070b000000, 0x000000070b200000|  0%| F|  |TAMS 0x000000070b000000| PB 0x000000070b000000| Untracked 
|  61|0x000000070b200000, 0x000000070b200000, 0x000000070b400000|  0%| F|  |TAMS 0x000000070b200000| PB 0x000000070b200000| Untracked 
|  62|0x000000070b400000, 0x000000070b400000, 0x000000070b600000|  0%| F|  |TAMS 0x000000070b400000| PB 0x000000070b400000| Untracked 
|  63|0x000000070b600000, 0x000000070b600000, 0x000000070b800000|  0%| F|  |TAMS 0x000000070b600000| PB 0x000000070b600000| Untracked 
|  64|0x000000070b800000, 0x000000070b800000, 0x000000070ba00000|  0%| F|  |TAMS 0x000000070b800000| PB 0x000000070b800000| Untracked 
|  65|0x000000070ba00000, 0x000000070ba00000, 0x000000070bc00000|  0%| F|  |TAMS 0x000000070ba00000| PB 0x000000070ba00000| Untracked 
|  66|0x000000070bc00000, 0x000000070bc00000, 0x000000070be00000|  0%| F|  |TAMS 0x000000070bc00000| PB 0x000000070bc00000| Untracked 
|  67|0x000000070be00000, 0x000000070be00000, 0x000000070c000000|  0%| F|  |TAMS 0x000000070be00000| PB 0x000000070be00000| Untracked 
|  68|0x000000070c000000, 0x000000070c000000, 0x000000070c200000|  0%| F|  |TAMS 0x000000070c000000| PB 0x000000070c000000| Untracked 
|  69|0x000000070c200000, 0x000000070c200000, 0x000000070c400000|  0%| F|  |TAMS 0x000000070c200000| PB 0x000000070c200000| Untracked 
|  70|0x000000070c400000, 0x000000070c400000, 0x000000070c600000|  0%| F|  |TAMS 0x000000070c400000| PB 0x000000070c400000| Untracked 
|  71|0x000000070c600000, 0x000000070c600000, 0x000000070c800000|  0%| F|  |TAMS 0x000000070c600000| PB 0x000000070c600000| Untracked 
|  72|0x000000070c800000, 0x000000070c800000, 0x000000070ca00000|  0%| F|  |TAMS 0x000000070c800000| PB 0x000000070c800000| Untracked 
|  73|0x000000070ca00000, 0x000000070ca00000, 0x000000070cc00000|  0%| F|  |TAMS 0x000000070ca00000| PB 0x000000070ca00000| Untracked 
|  74|0x000000070cc00000, 0x000000070cc00000, 0x000000070ce00000|  0%| F|  |TAMS 0x000000070cc00000| PB 0x000000070cc00000| Untracked 
|  75|0x000000070ce00000, 0x000000070ce00000, 0x000000070d000000|  0%| F|  |TAMS 0x000000070ce00000| PB 0x000000070ce00000| Untracked 
|  76|0x000000070d000000, 0x000000070d000000, 0x000000070d200000|  0%| F|  |TAMS 0x000000070d000000| PB 0x000000070d000000| Untracked 
|  77|0x000000070d200000, 0x000000070d200000, 0x000000070d400000|  0%| F|  |TAMS 0x000000070d200000| PB 0x000000070d200000| Untracked 
|  78|0x000000070d400000, 0x000000070d400000, 0x000000070d600000|  0%| F|  |TAMS 0x000000070d400000| PB 0x000000070d400000| Untracked 
|  79|0x000000070d600000, 0x000000070d600000, 0x000000070d800000|  0%| F|  |TAMS 0x000000070d600000| PB 0x000000070d600000| Untracked 
|  80|0x000000070d800000, 0x000000070d800000, 0x000000070da00000|  0%| F|  |TAMS 0x000000070d800000| PB 0x000000070d800000| Untracked 
|  81|0x000000070da00000, 0x000000070da00000, 0x000000070dc00000|  0%| F|  |TAMS 0x000000070da00000| PB 0x000000070da00000| Untracked 
|  82|0x000000070dc00000, 0x000000070dc00000, 0x000000070de00000|  0%| F|  |TAMS 0x000000070dc00000| PB 0x000000070dc00000| Untracked 
|  83|0x000000070de00000, 0x000000070de00000, 0x000000070e000000|  0%| F|  |TAMS 0x000000070de00000| PB 0x000000070de00000| Untracked 
|  84|0x000000070e000000, 0x000000070e000000, 0x000000070e200000|  0%| F|  |TAMS 0x000000070e000000| PB 0x000000070e000000| Untracked 
|  85|0x000000070e200000, 0x000000070e200000, 0x000000070e400000|  0%| F|  |TAMS 0x000000070e200000| PB 0x000000070e200000| Untracked 
|  86|0x000000070e400000, 0x000000070e400000, 0x000000070e600000|  0%| F|  |TAMS 0x000000070e400000| PB 0x000000070e400000| Untracked 
|  87|0x000000070e600000, 0x000000070e600000, 0x000000070e800000|  0%| F|  |TAMS 0x000000070e600000| PB 0x000000070e600000| Untracked 
|  88|0x000000070e800000, 0x000000070e800000, 0x000000070ea00000|  0%| F|  |TAMS 0x000000070e800000| PB 0x000000070e800000| Untracked 
|  89|0x000000070ea00000, 0x000000070ea00000, 0x000000070ec00000|  0%| F|  |TAMS 0x000000070ea00000| PB 0x000000070ea00000| Untracked 
|  90|0x000000070ec00000, 0x000000070ec00000, 0x000000070ee00000|  0%| F|  |TAMS 0x000000070ec00000| PB 0x000000070ec00000| Untracked 
|  91|0x000000070ee00000, 0x000000070ee00000, 0x000000070f000000|  0%| F|  |TAMS 0x000000070ee00000| PB 0x000000070ee00000| Untracked 
|  92|0x000000070f000000, 0x000000070f000000, 0x000000070f200000|  0%| F|  |TAMS 0x000000070f000000| PB 0x000000070f000000| Untracked 
|  93|0x000000070f200000, 0x000000070f200000, 0x000000070f400000|  0%| F|  |TAMS 0x000000070f200000| PB 0x000000070f200000| Untracked 
|  94|0x000000070f400000, 0x000000070f400000, 0x000000070f600000|  0%| F|  |TAMS 0x000000070f400000| PB 0x000000070f400000| Untracked 
|  95|0x000000070f600000, 0x000000070f600000, 0x000000070f800000|  0%| F|  |TAMS 0x000000070f600000| PB 0x000000070f600000| Untracked 
|  96|0x000000070f800000, 0x000000070f800000, 0x000000070fa00000|  0%| F|  |TAMS 0x000000070f800000| PB 0x000000070f800000| Untracked 
|  97|0x000000070fa00000, 0x000000070fa00000, 0x000000070fc00000|  0%| F|  |TAMS 0x000000070fa00000| PB 0x000000070fa00000| Untracked 
|  98|0x000000070fc00000, 0x000000070fc00000, 0x000000070fe00000|  0%| F|  |TAMS 0x000000070fc00000| PB 0x000000070fc00000| Untracked 
|  99|0x000000070fe00000, 0x000000070fe00000, 0x0000000710000000|  0%| F|  |TAMS 0x000000070fe00000| PB 0x000000070fe00000| Untracked 
| 100|0x0000000710000000, 0x0000000710000000, 0x0000000710200000|  0%| F|  |TAMS 0x0000000710000000| PB 0x0000000710000000| Untracked 
| 101|0x0000000710200000, 0x0000000710200000, 0x0000000710400000|  0%| F|  |TAMS 0x0000000710200000| PB 0x0000000710200000| Untracked 
| 102|0x0000000710400000, 0x0000000710400000, 0x0000000710600000|  0%| F|  |TAMS 0x0000000710400000| PB 0x0000000710400000| Untracked 
| 103|0x0000000710600000, 0x0000000710600000, 0x0000000710800000|  0%| F|  |TAMS 0x0000000710600000| PB 0x0000000710600000| Untracked 
| 104|0x0000000710800000, 0x0000000710800000, 0x0000000710a00000|  0%| F|  |TAMS 0x0000000710800000| PB 0x0000000710800000| Untracked 
| 105|0x0000000710a00000, 0x0000000710a00000, 0x0000000710c00000|  0%| F|  |TAMS 0x0000000710a00000| PB 0x0000000710a00000| Untracked 
| 106|0x0000000710c00000, 0x0000000710c00000, 0x0000000710e00000|  0%| F|  |TAMS 0x0000000710c00000| PB 0x0000000710c00000| Untracked 
| 107|0x0000000710e00000, 0x0000000710e00000, 0x0000000711000000|  0%| F|  |TAMS 0x0000000710e00000| PB 0x0000000710e00000| Untracked 
| 108|0x0000000711000000, 0x0000000711000000, 0x0000000711200000|  0%| F|  |TAMS 0x0000000711000000| PB 0x0000000711000000| Untracked 
| 109|0x0000000711200000, 0x0000000711200000, 0x0000000711400000|  0%| F|  |TAMS 0x0000000711200000| PB 0x0000000711200000| Untracked 
| 110|0x0000000711400000, 0x0000000711400000, 0x0000000711600000|  0%| F|  |TAMS 0x0000000711400000| PB 0x0000000711400000| Untracked 
| 111|0x0000000711600000, 0x0000000711600000, 0x0000000711800000|  0%| F|  |TAMS 0x0000000711600000| PB 0x0000000711600000| Untracked 
| 112|0x0000000711800000, 0x0000000711800000, 0x0000000711a00000|  0%| F|  |TAMS 0x0000000711800000| PB 0x0000000711800000| Untracked 
| 113|0x0000000711a00000, 0x0000000711a00000, 0x0000000711c00000|  0%| F|  |TAMS 0x0000000711a00000| PB 0x0000000711a00000| Untracked 
| 114|0x0000000711c00000, 0x0000000711c9ffd8, 0x0000000711e00000| 31%| S|CS|TAMS 0x0000000711c00000| PB 0x0000000711c00000| Complete 
| 115|0x0000000711e00000, 0x0000000712000000, 0x0000000712000000|100%| S|CS|TAMS 0x0000000711e00000| PB 0x0000000711e00000| Complete 
| 116|0x0000000712000000, 0x0000000712000000, 0x0000000712200000|  0%| F|  |TAMS 0x0000000712000000| PB 0x0000000712000000| Untracked 
| 117|0x0000000712200000, 0x0000000712200000, 0x0000000712400000|  0%| F|  |TAMS 0x0000000712200000| PB 0x0000000712200000| Untracked 
| 118|0x0000000712400000, 0x0000000712400000, 0x0000000712600000|  0%| F|  |TAMS 0x0000000712400000| PB 0x0000000712400000| Untracked 
| 119|0x0000000712600000, 0x0000000712600000, 0x0000000712800000|  0%| F|  |TAMS 0x0000000712600000| PB 0x0000000712600000| Untracked 
| 120|0x0000000712800000, 0x0000000712800000, 0x0000000712a00000|  0%| F|  |TAMS 0x0000000712800000| PB 0x0000000712800000| Untracked 
| 121|0x0000000712a00000, 0x0000000712a00000, 0x0000000712c00000|  0%| F|  |TAMS 0x0000000712a00000| PB 0x0000000712a00000| Untracked 
| 122|0x0000000712c00000, 0x0000000712c00000, 0x0000000712e00000|  0%| F|  |TAMS 0x0000000712c00000| PB 0x0000000712c00000| Untracked 
| 123|0x0000000712e00000, 0x0000000712e00000, 0x0000000713000000|  0%| F|  |TAMS 0x0000000712e00000| PB 0x0000000712e00000| Untracked 
| 124|0x0000000713000000, 0x0000000713000000, 0x0000000713200000|  0%| F|  |TAMS 0x0000000713000000| PB 0x0000000713000000| Untracked 
| 125|0x0000000713200000, 0x0000000713200000, 0x0000000713400000|  0%| F|  |TAMS 0x0000000713200000| PB 0x0000000713200000| Untracked 
| 126|0x0000000713400000, 0x00000007135da2d8, 0x0000000713600000| 92%| E|  |TAMS 0x0000000713400000| PB 0x0000000713400000| Complete 

Card table byte_map: [0x0000025e4f180000,0x0000025e4f970000] _byte_map_base: 0x0000025e4b964000

Marking Bits: (CMBitMap*) 0x0000025e372a2630
 Bits: [0x0000025e4f970000, 0x0000025e53890000)

Polling page: 0x0000025e350b0000

Metaspace:

Usage:
  Non-class:      6.70 MB used.
      Class:    458.67 KB used.
       Both:      7.14 MB used.

Virtual space:
  Non-class space:       64.00 MB reserved,       6.81 MB ( 11%) committed,  1 nodes.
      Class space:        1.00 GB reserved,     576.00 KB ( <1%) committed,  1 nodes.
             Both:        1.06 GB reserved,       7.38 MB ( <1%) committed. 

Chunk freelists:
   Non-Class:  8.59 MB
       Class:  15.49 MB
        Both:  24.09 MB

MaxMetaspaceSize: unlimited
CompressedClassSpaceSize: 1.00 GB
Initial GC threshold: 21.00 MB
Current GC threshold: 21.00 MB
CDS: on
 - commit_granule_bytes: 65536.
 - commit_granule_words: 8192.
 - virtual_space_node_default_size: 8388608.
 - enlarge_chunks_in_place: 1.
 - use_allocation_guard: 0.


Internal statistics:

num_allocs_failed_limit: 0.
num_arena_births: 152.
num_arena_deaths: 0.
num_vsnodes_births: 2.
num_vsnodes_deaths: 0.
num_space_committed: 116.
num_space_uncommitted: 0.
num_chunks_returned_to_freelist: 0.
num_chunks_taken_from_freelist: 313.
num_chunk_merges: 0.
num_chunk_splits: 212.
num_chunks_enlarged: 130.
num_inconsistent_stats: 0.

CodeHeap 'non-profiled nmethods': size=120000Kb used=349Kb max_used=349Kb free=119650Kb
 bounds [0x0000025e47130000, 0x0000025e473a0000, 0x0000025e4e660000]
CodeHeap 'profiled nmethods': size=120000Kb used=1647Kb max_used=1647Kb free=118352Kb
 bounds [0x0000025e3f660000, 0x0000025e3f8d0000, 0x0000025e46b90000]
CodeHeap 'non-nmethods': size=5760Kb used=2595Kb max_used=2607Kb free=3164Kb
 bounds [0x0000025e46b90000, 0x0000025e46e20000, 0x0000025e47130000]
 total_blobs=2169 nmethods=1023 adapters=1051
 compilation: enabled
              stopped_count=0, restarted_count=0
 full_count=0

Compilation events (20 events):
Event: 2.204 Thread 0x0000025e56ba7550 1014       3       java.lang.Character::isDigit (5 bytes)
Event: 2.205 Thread 0x0000025e56ba7550 nmethod 1014 0x0000025e3f7f9810 code [0x0000025e3f7f99e0, 0x0000025e3f7f9c38]
Event: 2.205 Thread 0x0000025e56ba7550 1015       3       java.lang.Character::isDigit (9 bytes)
Event: 2.205 Thread 0x0000025e56ba7550 nmethod 1015 0x0000025e3f7f9d10 code [0x0000025e3f7f9ec0, 0x0000025e3f7fa0b8]
Event: 2.242 Thread 0x0000025e56ba2aa0 1016       4       java.lang.AbstractStringBuilder::append (77 bytes)
Event: 2.246 Thread 0x0000025e56ba7550 1017       3       java.lang.CharacterDataLatin1::isDigit (18 bytes)
Event: 2.246 Thread 0x0000025e56ba7550 nmethod 1017 0x0000025e3f7fa190 code [0x0000025e3f7fa340, 0x0000025e3f7fa4e0]
Event: 2.248 Thread 0x0000025e56ba7550 1018  s    3       java.lang.StringBuffer::append (13 bytes)
Event: 2.248 Thread 0x0000025e56ba7550 nmethod 1018 0x0000025e3f7fa590 code [0x0000025e3f7fa740, 0x0000025e3f7fa990]
Event: 2.249 Thread 0x0000025e56ba2aa0 nmethod 1016 0x0000025e47186810 code [0x0000025e471869e0, 0x0000025e471870e0]
Event: 2.250 Thread 0x0000025e56ba7550 1020       3       java.lang.Double::isInfinite (17 bytes)
Event: 2.251 Thread 0x0000025e56ba7550 nmethod 1020 0x0000025e3f7faa90 code [0x0000025e3f7fac60, 0x0000025e3f7fadf0]
Event: 2.251 Thread 0x0000025e56ba7550 1019       3       java.text.DontCareFieldPosition$1::formatted (1 bytes)
Event: 2.251 Thread 0x0000025e56ba7550 nmethod 1019 0x0000025e3f7fae90 code [0x0000025e3f7fb020, 0x0000025e3f7fb128]
Event: 2.251 Thread 0x0000025e56ba7550 1021       3       java.text.DigitList::isZero (31 bytes)
Event: 2.251 Thread 0x0000025e56ba7550 nmethod 1021 0x0000025e3f7fb190 code [0x0000025e3f7fb340, 0x0000025e3f7fb598]
Event: 35.751 Thread 0x0000025e56ba7550 1022       3       java.lang.ref.Reference::clear (5 bytes)
Event: 35.751 Thread 0x0000025e56ba7550 nmethod 1022 0x0000025e3f7fb690 code [0x0000025e3f7fb840, 0x0000025e3f7fb988]
Event: 35.796 Thread 0x0000025e56ba7550 1024       3       java.lang.invoke.MethodType::basicType (8 bytes)
Event: 35.797 Thread 0x0000025e56ba7550 nmethod 1024 0x0000025e3f7fba10 code [0x0000025e3f7fbba0, 0x0000025e3f7fbcd8]

GC Heap History (2 events):
Event: 35.741 GC heap before
{Heap before GC invocations=0 (full 0):
 garbage-first heap   total 260096K, used 20480K [0x0000000703800000, 0x0000000800000000)
  region size 2048K, 11 young (22528K), 0 survivors (0K)
 Metaspace       used 6900K, committed 7104K, reserved 1114112K
  class space    used 438K, committed 512K, reserved 1048576K
}
Event: 35.749 GC heap after
{Heap after GC invocations=1 (full 0):
 garbage-first heap   total 260096K, used 2687K [0x0000000703800000, 0x0000000800000000)
  region size 2048K, 2 young (4096K), 2 survivors (4096K)
 Metaspace       used 6900K, committed 7104K, reserved 1114112K
  class space    used 438K, committed 512K, reserved 1048576K
}

Dll operation events (12 events):
Event: 0.016 Loaded shared library C:\Program Files\Java\jdk-21\bin\java.dll
Event: 0.019 Loaded shared library C:\Program Files\Java\jdk-21\bin\zip.dll
Event: 0.067 Loaded shared library C:\Program Files\Java\jdk-21\bin\jsvml.dll
Event: 0.220 Loaded shared library C:\Program Files\Java\jdk-21\bin\instrument.dll
Event: 0.281 Loaded shared library C:\Program Files\Java\jdk-21\bin\net.dll
Event: 0.283 Loaded shared library C:\Program Files\Java\jdk-21\bin\nio.dll
Event: 0.292 Loaded shared library C:\Program Files\Java\jdk-21\bin\zip.dll
Event: 0.361 Loaded shared library C:\Program Files\Java\jdk-21\bin\jimage.dll
Event: 0.414 Loaded shared library C:\Users\mommy\AppData\Local\Temp\lwjgl_mommy\3.3.4+7\x64\lwjgl.dll
Event: 0.778 Loaded shared library C:\Users\mommy\AppData\Local\Temp\lwjgl_mommy\3.3.4+7\x64\lwjgl_opengl.dll
Event: 1.185 Loaded shared library C:\Program Files\Java\jdk-21\bin\verify.dll
Event: 1.249 Loaded shared library C:\Program Files\Java\jdk-21\bin\awt.dll

Deoptimization events (20 events):
Event: 0.795 Thread 0x0000025e34e532a0 Uncommon trap: trap_request=0xffffff54 fr.pc=0x0000025e47160d98 relative=0x0000000000000078
Event: 0.795 Thread 0x0000025e34e532a0 Uncommon trap: reason=speculate_null_assert action=make_not_entrant pc=0x0000025e47160d98 method=sun.misc.Unsafe.putLong(Ljava/lang/Object;JJ)V @ 7 c2
Event: 0.795 Thread 0x0000025e34e532a0 DEOPT PACKING pc=0x0000025e47160d98 sp=0x0000006200bff170
Event: 0.795 Thread 0x0000025e34e532a0 DEOPT UNPACKING pc=0x0000025e46be7da2 sp=0x0000006200bff108 mode 2
Event: 0.963 Thread 0x0000025e34e532a0 Uncommon trap: trap_request=0xffffff54 fr.pc=0x0000025e47163610 relative=0x0000000000000070
Event: 0.963 Thread 0x0000025e34e532a0 Uncommon trap: reason=speculate_null_assert action=make_not_entrant pc=0x0000025e47163610 method=sun.misc.Unsafe.getLong(Ljava/lang/Object;J)J @ 5 c2
Event: 0.963 Thread 0x0000025e34e532a0 DEOPT PACKING pc=0x0000025e47163610 sp=0x0000006200bff020
Event: 0.963 Thread 0x0000025e34e532a0 DEOPT UNPACKING pc=0x0000025e46be7da2 sp=0x0000006200bfefb8 mode 2
Event: 1.341 Thread 0x0000025e34e532a0 Uncommon trap: trap_request=0xffffff45 fr.pc=0x0000025e47153fa8 relative=0x00000000000001c8
Event: 1.341 Thread 0x0000025e34e532a0 Uncommon trap: reason=unstable_if action=reinterpret pc=0x0000025e47153fa8 method=java.lang.invoke.VarHandle.checkAccessModeThenIsDirect(Ljava/lang/invoke/VarHandle$AccessDescriptor;)Z @ 4 c2
Event: 1.341 Thread 0x0000025e34e532a0 DEOPT PACKING pc=0x0000025e47153fa8 sp=0x0000006200bff050
Event: 1.341 Thread 0x0000025e34e532a0 DEOPT UNPACKING pc=0x0000025e46be7da2 sp=0x0000006200bfef88 mode 2
Event: 1.445 Thread 0x0000025e34e532a0 Uncommon trap: trap_request=0xffffff45 fr.pc=0x0000025e4716dfd8 relative=0x0000000000000778
Event: 1.445 Thread 0x0000025e34e532a0 Uncommon trap: reason=unstable_if action=reinterpret pc=0x0000025e4716dfd8 method=java.lang.StringLatin1.newString([BII)Ljava/lang/String; @ 1 c2
Event: 1.445 Thread 0x0000025e34e532a0 DEOPT PACKING pc=0x0000025e4716dfd8 sp=0x0000006200bfd2e0
Event: 1.445 Thread 0x0000025e34e532a0 DEOPT UNPACKING pc=0x0000025e46be7da2 sp=0x0000006200bfd280 mode 2
Event: 1.461 Thread 0x0000025e34e532a0 Uncommon trap: trap_request=0xffffff45 fr.pc=0x0000025e4716cb74 relative=0x0000000000000054
Event: 1.461 Thread 0x0000025e34e532a0 Uncommon trap: reason=unstable_if action=reinterpret pc=0x0000025e4716cb74 method=java.lang.CharacterData.of(I)Ljava/lang/CharacterData; @ 4 c2
Event: 1.461 Thread 0x0000025e34e532a0 DEOPT PACKING pc=0x0000025e4716cb74 sp=0x0000006200bfd390
Event: 1.461 Thread 0x0000025e34e532a0 DEOPT UNPACKING pc=0x0000025e46be7da2 sp=0x0000006200bfd330 mode 2

Classes loaded (20 events):
Event: 35.727 Loading class java/lang/SecurityException
Event: 35.727 Loading class java/lang/SecurityException done
Event: 35.734 Loading class org/joml/Matrix4d
Event: 35.734 Loading class org/joml/Matrix4d done
Event: 35.752 Loading class org/joml/Matrix4dc
Event: 35.752 Loading class org/joml/Matrix4dc done
Event: 35.793 Loading class org/joml/Vector4dc
Event: 35.793 Loading class org/joml/Vector4dc done
Event: 35.793 Loading class jdk/internal/misc/Signal$1
Event: 35.794 Loading class jdk/internal/misc/Signal$1 done
Event: 35.795 Loading class jdk/internal/logger/SurrogateLogger
Event: 35.795 Loading class jdk/internal/logger/SimpleConsoleLogger
Event: 35.795 Loading class sun/util/logging/PlatformLogger$ConfigurableBridge$LoggerConfiguration
Event: 35.796 Loading class sun/util/logging/PlatformLogger$ConfigurableBridge$LoggerConfiguration done
Event: 35.796 Loading class jdk/internal/logger/SimpleConsoleLogger done
Event: 35.796 Loading class jdk/internal/logger/SurrogateLogger done
Event: 35.798 Loading class java/util/WeakHashMap$KeyIterator
Event: 35.798 Loading class java/util/WeakHashMap$HashIterator
Event: 35.799 Loading class java/util/WeakHashMap$HashIterator done
Event: 35.799 Loading class java/util/WeakHashMap$KeyIterator done

Classes unloaded (0 events):
No events

Classes redefined (0 events):
No events

Internal exceptions (20 events):
Event: 0.422 Thread 0x0000025e34e532a0 Exception <a 'sun/nio/fs/WindowsException'{0x0000000712eac710}> (0x0000000712eac710) 
thrown [s\open\src\hotspot\share\prims\jni.cpp, line 520]
Event: 0.515 Thread 0x0000025e34e532a0 Exception <a 'sun/nio/fs/WindowsException'{0x0000000712fe4dd8}> (0x0000000712fe4dd8) 
thrown [s\open\src\hotspot\share\prims\jni.cpp, line 520]
Event: 0.515 Thread 0x0000025e34e532a0 Exception <a 'sun/nio/fs/WindowsException'{0x0000000712fe5138}> (0x0000000712fe5138) 
thrown [s\open\src\hotspot\share\prims\jni.cpp, line 520]
Event: 0.529 Thread 0x0000025e34e532a0 Exception <a 'java/lang/NoSuchMethodError'{0x0000000712c55230}: 'int java.lang.invoke.DirectMethodHandle$Holder.invokeStaticInit(java.lang.Object, java.lang.Object, int, long)'> (0x0000000712c55230) 
thrown [s\open\src\hotspot\share\interpreter\linkResolver.cpp, line 773]
Event: 0.531 Thread 0x0000025e34e532a0 Exception <a 'java/lang/NoSuchMethodError'{0x0000000712c5a290}: 'java.lang.Object java.lang.invoke.DirectMethodHandle$Holder.newInvokeSpecial(java.lang.Object, java.lang.Object, int)'> (0x0000000712c5a290) 
thrown [s\open\src\hotspot\share\interpreter\linkResolver.cpp, line 773]
Event: 0.534 Thread 0x0000025e34e532a0 Exception <a 'java/lang/NoSuchMethodError'{0x0000000712c6d6e0}: 'int java.lang.invoke.DirectMethodHandle$Holder.invokeStaticInit(java.lang.Object, java.lang.Object, long, long)'> (0x0000000712c6d6e0) 
thrown [s\open\src\hotspot\share\interpreter\linkResolver.cpp, line 773]
Event: 0.536 Thread 0x0000025e34e532a0 Exception <a 'java/lang/NoSuchMethodError'{0x0000000712c72f48}: 'java.lang.Object java.lang.invoke.DirectMethodHandle$Holder.newInvokeSpecial(java.lang.Object, java.lang.Object, long)'> (0x0000000712c72f48) 
thrown [s\open\src\hotspot\share\interpreter\linkResolver.cpp, line 773]
Event: 0.536 Thread 0x0000025e34e532a0 Exception <a 'java/lang/NoSuchMethodError'{0x0000000712c76fb0}: 'java.lang.Object java.lang.invoke.Invokers$Holder.linkToTargetMethod(java.lang.Object, long, java.lang.Object)'> (0x0000000712c76fb0) 
thrown [s\open\src\hotspot\share\interpreter\linkResolver.cpp, line 773]
Event: 0.537 Thread 0x0000025e34e532a0 Exception <a 'java/lang/NoSuchMethodError'{0x0000000712c7e038}: 'int java.lang.invoke.DirectMethodHandle$Holder.invokeStaticInit(java.lang.Object, java.lang.Object, java.lang.Object, long)'> (0x0000000712c7e038) 
thrown [s\open\src\hotspot\share\interpreter\linkResolver.cpp, line 773]
Event: 0.765 Thread 0x0000025e34e532a0 Exception <a 'java/lang/NoSuchMethodError'{0x0000000712d1e480}: 'void java.lang.System.load(java.lang.String, java.lang.Class)'> (0x0000000712d1e480) 
thrown [s\open\src\hotspot\share\interpreter\linkResolver.cpp, line 773]
Event: 0.766 Thread 0x0000025e34e532a0 Exception <a 'java/lang/NoSuchMethodError'{0x0000000712d20e20}: 'void java.lang.System.loadLibrary(java.lang.String, java.lang.Class)'> (0x0000000712d20e20) 
thrown [s\open\src\hotspot\share\interpreter\linkResolver.cpp, line 773]
Event: 0.773 Thread 0x0000025e34e532a0 Exception <a 'sun/nio/fs/WindowsException'{0x0000000712d2ffb0}> (0x0000000712d2ffb0) 
thrown [s\open\src\hotspot\share\prims\jni.cpp, line 520]
Event: 0.773 Thread 0x0000025e34e532a0 Exception <a 'sun/nio/fs/WindowsException'{0x0000000712d30350}> (0x0000000712d30350) 
thrown [s\open\src\hotspot\share\prims\jni.cpp, line 520]
Event: 0.784 Thread 0x0000025e34e532a0 Exception <a 'sun/nio/fs/WindowsException'{0x0000000712d38f20}> (0x0000000712d38f20) 
thrown [s\open\src\hotspot\share\prims\jni.cpp, line 520]
Event: 0.785 Thread 0x0000025e34e532a0 Exception <a 'sun/nio/fs/WindowsException'{0x0000000712d391f0}> (0x0000000712d391f0) 
thrown [s\open\src\hotspot\share\prims\jni.cpp, line 520]
Event: 1.239 Thread 0x0000025e34e532a0 Exception <a 'java/lang/ClassNotFoundException'{0x00000007126d6b10}: sun/awt/resources/spi/awtProvider> (0x00000007126d6b10) 
thrown [s\open\src\hotspot\share\classfile\systemDictionary.cpp, line 312]
Event: 1.262 Thread 0x0000025e34e532a0 Exception <a 'java/io/FileNotFoundException'{0x0000000712730698}> (0x0000000712730698) 
thrown [s\open\src\hotspot\share\prims\jni.cpp, line 520]
Event: 1.269 Thread 0x0000025e34e532a0 Exception <a 'java/io/FileNotFoundException'{0x000000071275b218}> (0x000000071275b218) 
thrown [s\open\src\hotspot\share\prims\jni.cpp, line 520]
Event: 1.297 Thread 0x0000025e34e532a0 Exception <a 'java/lang/NoSuchMethodError'{0x00000007127e9500}: 'java.lang.Object java.lang.invoke.DirectMethodHandle$Holder.invokeStaticInit(java.lang.Object, int, int, int, int)'> (0x00000007127e9500) 
thrown [s\open\src\hotspot\share\interpreter\linkResolver.cpp, line 773]
Event: 1.325 Thread 0x0000025e34e532a0 Exception <a 'java/lang/NoSuchMethodError'{0x00000007124d6738}: 'java.lang.Object java.lang.invoke.DirectMethodHandle$Holder.invokeStaticInit(java.lang.Object, java.lang.Object, int, int, int, int)'> (0x00000007124d6738) 
thrown [s\open\src\hotspot\share\interpreter\linkResolver.cpp, line 773]

ZGC Phase Switch (0 events):
No events

VM Operations (20 events):
Event: 13.308 Executing VM operation: get/set locals done
Event: 13.308 Executing VM operation: get/set locals
Event: 13.308 Executing VM operation: get/set locals done
Event: 13.308 Executing VM operation: get/set locals
Event: 13.308 Executing VM operation: get/set locals done
Event: 13.308 Executing VM operation: get/set locals
Event: 13.308 Executing VM operation: get/set locals done
Event: 13.308 Executing VM operation: get/set locals
Event: 13.308 Executing VM operation: get/set locals done
Event: 35.669 Executing VM operation: ChangeBreakpoints
Event: 35.669 Executing VM operation: ChangeBreakpoints done
Event: 35.671 Executing VM operation: ChangeBreakpoints
Event: 35.671 Executing VM operation: ChangeBreakpoints done
Event: 35.671 Executing VM operation: ChangeBreakpoints
Event: 35.671 Executing VM operation: ChangeBreakpoints done
Event: 35.671 Executing VM operation: ChangeBreakpoints
Event: 35.671 Executing VM operation: ChangeBreakpoints done
Event: 35.741 Executing VM operation: G1CollectForAllocation (G1 Evacuation Pause)
Event: 35.750 Executing VM operation: G1CollectForAllocation (G1 Evacuation Pause) done
Event: 35.800 Executing VM operation: Exit

Events (20 events):
Event: 0.063 Thread 0x0000025e55b9d2e0 Thread added: 0x0000025e55b9d2e0
Event: 0.063 Thread 0x0000025e55b9dd40 Thread added: 0x0000025e55b9dd40
Event: 0.063 Thread 0x0000025e56b9a0a0 Thread added: 0x0000025e56b9a0a0
Event: 0.064 Thread 0x0000025e56ba2aa0 Thread added: 0x0000025e56ba2aa0
Event: 0.064 Thread 0x0000025e56ba7550 Thread added: 0x0000025e56ba7550
Event: 0.109 Thread 0x0000025e56c8c680 Thread added: 0x0000025e56c8c680
Event: 0.145 Thread 0x0000025e56dc8120 Thread added: 0x0000025e56dc8120
Event: 0.145 Thread 0x0000025e56da1530 Thread added: 0x0000025e56da1530
Event: 0.146 Thread 0x0000025e56d85770 Thread added: 0x0000025e56d85770
Event: 0.240 Thread 0x0000025e56c8cd10 Thread added: 0x0000025e56c8cd10
Event: 1.211 Thread 0x0000025ea364b050 Thread added: 0x0000025ea364b050
Event: 1.219 Thread 0x0000025ea3594620 Thread added: 0x0000025ea3594620
Event: 1.335 Thread 0x0000025e56c89f20 Thread added: 0x0000025e56c89f20
Event: 2.198 Thread 0x0000025ea3594620 Thread exited: 0x0000025ea3594620
Event: 2.202 Thread 0x0000025ea364b050 Thread exited: 0x0000025ea364b050
Event: 35.665 Thread 0x0000025e56d85770 Thread exited: 0x0000025e56d85770
Event: 35.673 Thread 0x0000025e56dc8120 Thread exited: 0x0000025e56dc8120
Event: 35.794 Thread 0x0000025e56c8a5b0 Thread added: 0x0000025e56c8a5b0
Event: 35.797 Thread 0x0000025e56c8ac40 Thread added: 0x0000025e56c8ac40
Event: 35.799 Thread 0x0000025e56c8ac40 Thread exited: 0x0000025e56c8ac40


Dynamic libraries:
0x00007ff685de0000 - 0x00007ff685df0000 	C:\Program Files\Java\jdk-21\bin\java.exe
0x00007ffb46b10000 - 0x00007ffb46d27000 	C:\WINDOWS\SYSTEM32\ntdll.dll
0x00007ffb45990000 - 0x00007ffb45a54000 	C:\WINDOWS\System32\KERNEL32.DLL
0x00007ffb44030000 - 0x00007ffb443e7000 	C:\WINDOWS\System32\KERNELBASE.dll
0x00007ffb44500000 - 0x00007ffb44611000 	C:\WINDOWS\System32\ucrtbase.dll
0x00007ffb35a20000 - 0x00007ffb35a39000 	C:\Program Files\Java\jdk-21\bin\jli.dll
0x00007ffb469c0000 - 0x00007ffb46a72000 	C:\WINDOWS\System32\ADVAPI32.dll
0x00007ffb45430000 - 0x00007ffb454d7000 	C:\WINDOWS\System32\msvcrt.dll
0x00007ffb45a60000 - 0x00007ffb45b08000 	C:\WINDOWS\System32\sechost.dll
0x00007ffb44000000 - 0x00007ffb44028000 	C:\WINDOWS\System32\bcrypt.dll
0x00007ffb44840000 - 0x00007ffb44954000 	C:\WINDOWS\System32\RPCRT4.dll
0x00007ffb44980000 - 0x00007ffb44b2f000 	C:\WINDOWS\System32\USER32.dll
0x00007ffb446a0000 - 0x00007ffb446c6000 	C:\WINDOWS\System32\win32u.dll
0x00007ffb460a0000 - 0x00007ffb460c9000 	C:\WINDOWS\System32\GDI32.dll
0x00007ffb43e20000 - 0x00007ffb43f38000 	C:\WINDOWS\System32\gdi32full.dll
0x00007ffb443f0000 - 0x00007ffb4448a000 	C:\WINDOWS\System32\msvcp_win.dll
0x00007ffb353d0000 - 0x00007ffb353eb000 	C:\Program Files\Java\jdk-21\bin\VCRUNTIME140.dll
0x00007ffb24730000 - 0x00007ffb249c3000 	C:\WINDOWS\WinSxS\amd64_microsoft.windows.common-controls_6595b64144ccf1df_6.0.22621.3672_none_2713b9d173822955\COMCTL32.dll
0x00007ffb3d980000 - 0x00007ffb3d98a000 	C:\WINDOWS\SYSTEM32\VERSION.dll
0x00007ffb45950000 - 0x00007ffb45981000 	C:\WINDOWS\System32\IMM32.DLL
0x00007ffb24430000 - 0x00007ffb24591000 	C:\Program Files (x86)\Citrix\ICA Client\ctxapclient64.dll
0x00007ffb45c80000 - 0x00007ffb4600e000 	C:\WINDOWS\System32\combase.dll
0x00007ffb42f40000 - 0x00007ffb42f74000 	C:\WINDOWS\SYSTEM32\ntmarta.dll
0x00007ffb44620000 - 0x00007ffb4469b000 	C:\WINDOWS\System32\bcryptprimitives.dll
0x00007ffb24240000 - 0x00007ffb2427a000 	C:\Program Files (x86)\Citrix\ICA Client\Receiver\FeatureFlagHelper64.dll
0x00007ffb354a0000 - 0x00007ffb354ac000 	C:\Program Files\Java\jdk-21\bin\vcruntime140_1.dll
0x00007ffb21d40000 - 0x00007ffb21dce000 	C:\Program Files\Java\jdk-21\bin\msvcp140.dll
0x00007ffadcae0000 - 0x00007ffadd7f7000 	C:\Program Files\Java\jdk-21\bin\server\jvm.dll
0x00007ffb46010000 - 0x00007ffb46081000 	C:\WINDOWS\System32\WS2_32.dll
0x00007ffb43a90000 - 0x00007ffb43add000 	C:\WINDOWS\SYSTEM32\POWRPROF.dll
0x00007ffb3bc80000 - 0x00007ffb3bcb4000 	C:\WINDOWS\SYSTEM32\WINMM.dll
0x00007ffb43a50000 - 0x00007ffb43a63000 	C:\WINDOWS\SYSTEM32\UMPDC.dll
0x00007ffb42e30000 - 0x00007ffb42e48000 	C:\WINDOWS\SYSTEM32\kernel.appcore.dll
0x00007ffb350e0000 - 0x00007ffb350ea000 	C:\Program Files\Java\jdk-21\bin\jimage.dll
0x00007ffb411d0000 - 0x00007ffb41402000 	C:\WINDOWS\SYSTEM32\DBGHELP.DLL
0x00007ffb45ba0000 - 0x00007ffb45c77000 	C:\WINDOWS\System32\OLEAUT32.dll
0x00007ffb36e20000 - 0x00007ffb36e52000 	C:\WINDOWS\SYSTEM32\dbgcore.DLL
0x00007ffb33630000 - 0x00007ffb3366c000 	C:\Program Files\Java\jdk-21\bin\jdwp.dll
0x00007ffb33620000 - 0x00007ffb3362f000 	C:\Program Files\Java\jdk-21\bin\instrument.dll
0x00007ffb34fd0000 - 0x00007ffb34fef000 	C:\Program Files\Java\jdk-21\bin\java.dll
0x00007ffb31f40000 - 0x00007ffb31f58000 	C:\Program Files\Java\jdk-21\bin\zip.dll
0x0000025e56320000 - 0x0000025e56b89000 	C:\WINDOWS\System32\SHELL32.dll
0x00007ffb41d40000 - 0x00007ffb4263f000 	C:\WINDOWS\SYSTEM32\windows.storage.dll
0x00007ffb41c00000 - 0x00007ffb41d3f000 	C:\WINDOWS\SYSTEM32\wintypes.dll
0x00007ffb468c0000 - 0x00007ffb469b9000 	C:\WINDOWS\System32\SHCORE.dll
0x00007ffb458e0000 - 0x00007ffb4593e000 	C:\WINDOWS\System32\shlwapi.dll
0x00007ffb43d50000 - 0x00007ffb43d77000 	C:\WINDOWS\SYSTEM32\profapi.dll
0x00007ffb179b0000 - 0x00007ffb17a87000 	C:\Program Files\Java\jdk-21\bin\jsvml.dll
0x00007ffb23a70000 - 0x00007ffb23a7c000 	C:\Program Files\Java\jdk-21\bin\dt_socket.dll
0x00007ffb428a0000 - 0x00007ffb428cd000 	C:\WINDOWS\SYSTEM32\IPHLPAPI.DLL
0x00007ffb43290000 - 0x00007ffb432f9000 	C:\WINDOWS\system32\mswsock.dll
0x00007ffb25e80000 - 0x00007ffb25e90000 	C:\Program Files\Java\jdk-21\bin\net.dll
0x00007ffb3d5e0000 - 0x00007ffb3d716000 	C:\WINDOWS\SYSTEM32\WINHTTP.dll
0x00007ffb25e60000 - 0x00007ffb25e76000 	C:\Program Files\Java\jdk-21\bin\nio.dll
0x00007ffb0f450000 - 0x00007ffb0f4cb000 	C:\Users\mommy\AppData\Local\Temp\lwjgl_mommy\3.3.4+7\x64\lwjgl.dll
0x00007ffb06170000 - 0x00007ffb061f5000 	C:\Users\mommy\AppData\Local\Temp\lwjgl_mommy\3.3.4+7\x64\glfw.dll
0x00007ffb21cf0000 - 0x00007ffb21d36000 	C:\WINDOWS\SYSTEM32\dinput8.dll
0x00007ffb23a20000 - 0x00007ffb23a31000 	C:\WINDOWS\SYSTEM32\xinput1_4.dll
0x00007ffb43b10000 - 0x00007ffb43b5e000 	C:\WINDOWS\SYSTEM32\cfgmgr32.dll
0x00007ffb43ae0000 - 0x00007ffb43b0c000 	C:\WINDOWS\SYSTEM32\DEVOBJ.dll
0x00007ffb410b0000 - 0x00007ffb410db000 	C:\WINDOWS\SYSTEM32\dwmapi.dll
0x00007ffb30df0000 - 0x00007ffb31003000 	C:\WINDOWS\SYSTEM32\inputhost.dll
0x00007ffb3e0e0000 - 0x00007ffb3e213000 	C:\WINDOWS\SYSTEM32\CoreMessaging.dll
0x00007ffb40e30000 - 0x00007ffb40ee1000 	C:\WINDOWS\system32\uxtheme.dll
0x00007ffb456b0000 - 0x00007ffb45810000 	C:\WINDOWS\System32\MSCTF.dll
0x00007ffb434c0000 - 0x00007ffb434cc000 	C:\WINDOWS\SYSTEM32\CRYPTBASE.DLL
0x00007ffb30030000 - 0x00007ffb30130000 	C:\WINDOWS\SYSTEM32\opengl32.dll
0x00007ffb3a890000 - 0x00007ffb3a8bd000 	C:\WINDOWS\SYSTEM32\GLU32.dll
0x00007ffb40f60000 - 0x00007ffb40f97000 	C:\WINDOWS\SYSTEM32\dxcore.dll
0x00007ffb31010000 - 0x00007ffb31059000 	C:\WINDOWS\SYSTEM32\directxdatabasehelper.dll
0x0000025e9da40000 - 0x0000025e9daf0000 	C:\WINDOWS\System32\clbcatq.dll
0x00007ffac88d0000 - 0x00007ffac98f5000 	C:\WINDOWS\System32\DriverStore\FileRepository\iigd_dch.inf_amd64_7df576fcfa9adb45\ig11icd64.dll
0x00007ffb460d0000 - 0x00007ffb46275000 	C:\WINDOWS\System32\ole32.dll
0x00007ffb40fa0000 - 0x00007ffb41097000 	C:\WINDOWS\system32\dxgi.dll
0x00007ffae7e90000 - 0x00007ffae82cc000 	C:\WINDOWS\System32\DriverStore\FileRepository\iigd_dch.inf_amd64_7df576fcfa9adb45\igdml64.dll
0x00007ffb2af30000 - 0x00007ffb2b266000 	C:\WINDOWS\System32\DriverStore\FileRepository\iigd_dch.inf_amd64_7df576fcfa9adb45\igdgmm64.dll
0x00007ffb27fe0000 - 0x00007ffb2ad6f000 	C:\WINDOWS\System32\DriverStore\FileRepository\iigd_dch.inf_amd64_7df576fcfa9adb45\igc64.dll
0x00007ffb25b90000 - 0x00007ffb25cd3000 	C:\WINDOWS\SYSTEM32\textinputframework.dll
0x00007ffb2f7b0000 - 0x00007ffb2fb1d000 	C:\WINDOWS\SYSTEM32\CoreUIComponents.dll
0x00007ffb272a0000 - 0x00007ffb27309000 	C:\WINDOWS\system32\Oleacc.dll
0x00007ffb17690000 - 0x00007ffb176f1000 	C:\Users\mommy\AppData\Local\Temp\lwjgl_mommy\3.3.4+7\x64\lwjgl_opengl.dll
0x00007ffb23a00000 - 0x00007ffb23a10000 	C:\Program Files\Java\jdk-21\bin\verify.dll
0x00007ffaf65b0000 - 0x00007ffaf673f000 	C:\Program Files\Java\jdk-21\bin\awt.dll
0x00007ffb3f480000 - 0x00007ffb3f517000 	C:\WINDOWS\SYSTEM32\apphelp.dll
0x00007ffb434a0000 - 0x00007ffb434bb000 	C:\WINDOWS\SYSTEM32\CRYPTSP.dll
0x00007ffb42d90000 - 0x00007ffb42dc5000 	C:\WINDOWS\system32\rsaenh.dll
0x00007ffb43340000 - 0x00007ffb43368000 	C:\WINDOWS\SYSTEM32\USERENV.dll
0x00007ffb46090000 - 0x00007ffb46099000 	C:\WINDOWS\System32\NSI.dll

dbghelp: loaded successfully - version: 4.0.5 - missing functions: none
symbol engine: initialized successfully - sym options: 0x614 - pdb path: .;C:\Program Files\Java\jdk-21\bin;C:\WINDOWS\SYSTEM32;C:\WINDOWS\WinSxS\amd64_microsoft.windows.common-controls_6595b64144ccf1df_6.0.22621.3672_none_2713b9d173822955;C:\Program Files (x86)\Citrix\ICA Client;C:\Program Files (x86)\Citrix\ICA Client\Receiver;C:\Program Files\Java\jdk-21\bin\server;C:\Users\mommy\AppData\Local\Temp\lwjgl_mommy\3.3.4+7\x64;C:\WINDOWS\System32\DriverStore\FileRepository\iigd_dch.inf_amd64_7df576fcfa9adb45

VM Arguments:
jvm_args: -agentlib:jdwp=transport=dt_socket,address=127.0.0.1:52859,suspend=y,server=n -javaagent:C:\Users\mommy\AppData\Local\JetBrains\IdeaIC2024.2\captureAgent\debugger-agent.jar -Dkotlinx.coroutines.debug.enable.creation.stack.trace=false -Ddebugger.agent.enable.coroutines=true -Dfile.encoding=UTF-8 -Dsun.stdout.encoding=UTF-8 -Dsun.stderr.encoding=UTF-8 
java_command: com.tecksupport.Main
java_class_path (initial): C:\Users\mommy\IdeaProjects\myPath\target\classes;C:\Users\mommy\.m2\repository\org\lwjgl\lwjgl\3.3.4\lwjgl-3.3.4.jar;C:\Users\mommy\.m2\repository\org\lwjgl\lwjgl-assimp\3.3.4\lwjgl-assimp-3.3.4.jar;C:\Users\mommy\.m2\repository\org\lwjgl\lwjgl-glfw\3.3.4\lwjgl-glfw-3.3.4.jar;C:\Users\mommy\.m2\repository\org\lwjgl\lwjgl-openal\3.3.4\lwjgl-openal-3.3.4.jar;C:\Users\mommy\.m2\repository\org\lwjgl\lwjgl-opengl\3.3.4\lwjgl-opengl-3.3.4.jar;C:\Users\mommy\.m2\repository\org\lwjgl\lwjgl-stb\3.3.4\lwjgl-stb-3.3.4.jar;C:\Users\mommy\.m2\repository\org\lwjgl\lwjgl\3.3.4\lwjgl-3.3.4-natives-windows.jar;C:\Users\mommy\.m2\repository\org\lwjgl\lwjgl-assimp\3.3.4\lwjgl-assimp-3.3.4-natives-windows.jar;C:\Users\mommy\.m2\repository\org\lwjgl\lwjgl-glfw\3.3.4\lwjgl-glfw-3.3.4-natives-windows.jar;C:\Users\mommy\.m2\repository\org\lwjgl\lwjgl-openal\3.3.4\lwjgl-openal-3.3.4-natives-windows.jar;C:\Users\mommy\.m2\repository\org\lwjgl\lwjgl-opengl\3.3.4\lwjgl-opengl-3.3.4-natives-windows.jar;C:\Users\mommy\.m2\repository\org\lwjgl\lwjgl-stb\3.3.4\lwjgl-stb-3.3.4-natives-windows.jar;C:\Users\mommy\.m2\repository\org\joml\joml\1.10.7\joml-1.10.7.jar;C:\Users\mommy\.m2\repository\org\joml\joml-primitives\1.10.0\joml-primitives-1.10.0.jar;C:\Users\mommy\.m2\repository\de\svenkubiak\jBCrypt\0.4.1\jBCrypt-0.4.1.jar;C:\Users\mommy\.m2\repository\com\mysql\mysql-connector-j\8.0.33\mysql-connector-j-8.0.33.jar;C:\Users\mommy\.m2\repository\com\google\protobuf\protobuf-java\3.21.9\protobuf-java-3.21.9.jar;C:\Program Files\JetBrains\IntelliJ IDEA Community Edition 2024.2.0.2\lib\idea_rt.jar
Launcher Type: SUN_STANDARD

[Global flags]
     intx CICompilerCount                          = 4                                         {product} {ergonomic}
     uint ConcGCThreads                            = 2                                         {product} {ergonomic}
     uint G1ConcRefinementThreads                  = 8                                         {product} {ergonomic}
   size_t G1HeapRegionSize                         = 2097152                                   {product} {ergonomic}
    uintx GCDrainStackTargetSize                   = 64                                        {product} {ergonomic}
   size_t InitialHeapSize                          = 266338304                                 {product} {ergonomic}
   size_t MarkStackSize                            = 4194304                                   {product} {ergonomic}
   size_t MaxHeapSize                              = 4236247040                                {product} {ergonomic}
   size_t MaxNewSize                               = 2541748224                                {product} {ergonomic}
   size_t MinHeapDeltaBytes                        = 2097152                                   {product} {ergonomic}
   size_t MinHeapSize                              = 8388608                                   {product} {ergonomic}
    uintx NonNMethodCodeHeapSize                   = 5839372                                {pd product} {ergonomic}
    uintx NonProfiledCodeHeapSize                  = 122909434                              {pd product} {ergonomic}
    uintx ProfiledCodeHeapSize                     = 122909434                              {pd product} {ergonomic}
    uintx ReservedCodeCacheSize                    = 251658240                              {pd product} {ergonomic}
     bool SegmentedCodeCache                       = true                                      {product} {ergonomic}
   size_t SoftMaxHeapSize                          = 4236247040                             {manageable} {ergonomic}
     bool UseCompressedOops                        = true                           {product lp64_product} {ergonomic}
     bool UseG1GC                                  = true                                      {product} {ergonomic}
     bool UseLargePagesIndividualAllocation        = false                                  {pd product} {ergonomic}

Logging:
Log output configuration:
 #0: stdout all=off uptime,level,tags foldmultilines=false
 #1: stderr all=off uptime,level,tags foldmultilines=false

Environment Variables:
PATH=C:\Program Files\Common Files\Oracle\Java\javapath;C:\Program Files\Eclipse Foundation\jdk-8.0.302.8-hotspot\bin;C:\Program Files (x86)\Common Files\Oracle\Java\javapath;C:\Windows\system32;C:\Windows;C:\Windows\System32\Wbem;C:\Windows\System32\WindowsPowerShell\v1.0\;C:\Windows\System32\OpenSSH\;C:\Program Files\Microsoft SQL Server\130\Tools\Binn\;C:\Program Files\Microsoft SQL Server\Client SDK\ODBC\170\Tools\Binn\;C:\Program Files\dotnet\;C:\Program Files\Microsoft SQL Server\150\Tools\Binn\;C:\WINDOWS\system32;C:\WINDOWS;C:\WINDOWS\System32\Wbem;C:\WINDOWS\System32\WindowsPowerShell\v1.0\;C:\WINDOWS\System32\OpenSSH\;C:\Program Files\PuTTY\;C:\msys64\mingw64\bin;C:\Program Files\Git\cmd;C:\Program Files\MySQL\MySQL Shell 9.0\bin\;C:\Users\mommy\AppData\Local\Programs\Python\Python39\Scripts\;C:\Users\mommy\AppData\Local\Programs\Python\Python39\;C:\Users\mommy\AppData\Local\Microsoft\WindowsApps;C:\Users\mommy\AppData\Local\Programs\Microsoft VS Code\bin;C:\Users\mommy\.dotnet\tools;C:\Users\mommy\AppData\Local\GitHubDesktop\bin
USERNAME=mommy
OS=Windows_NT
PROCESSOR_IDENTIFIER=Intel64 Family 6 Model 126 Stepping 5, GenuineIntel
TMP=C:\Users\mommy\AppData\Local\Temp
TEMP=C:\Users\mommy\AppData\Local\Temp




Periodic native trim disabled

---------------  S Y S T E M  ---------------

OS:
 Windows 11 , 64 bit Build 22621 (10.0.22621.3958)
OS uptime: 7 days 20:52 hours
Hyper-V role detected

CPU: total 8 (initial active 8) (4 cores per cpu, 2 threads per core) family 6 model 126 stepping 5 microcode 0xa6, cx8, cmov, fxsr, ht, mmx, 3dnowpref, sse, sse2, sse3, ssse3, sse4.1, sse4.2, popcnt, lzcnt, tsc, tscinvbit, avx, avx2, aes, erms, clmul, bmi1, bmi2, adx, avx512f, avx512dq, avx512cd, avx512bw, avx512vl, sha, fma, vzeroupper, avx512_vpopcntdq, avx512_vpclmulqdq, avx512_vaes, avx512_vnni, clflush, clflushopt, avx512_vbmi2, avx512_vbmi, hv, rdtscp, rdpid, fsrm, gfni, avx512_bitalg, f16c, avx512_ifma
Processor Information for processor 0
  Max Mhz: 1498, Current Mhz: 1298, Mhz Limit: 1288
Processor Information for processor 1
  Max Mhz: 1498, Current Mhz: 1298, Mhz Limit: 1288
Processor Information for processor 2
  Max Mhz: 1498, Current Mhz: 998, Mhz Limit: 1288
Processor Information for processor 3
  Max Mhz: 1498, Current Mhz: 998, Mhz Limit: 1288
Processor Information for processor 4
  Max Mhz: 1498, Current Mhz: 998, Mhz Limit: 1288
Processor Information for processor 5
  Max Mhz: 1498, Current Mhz: 1298, Mhz Limit: 1288
Processor Information for processor 6
  Max Mhz: 1498, Current Mhz: 998, Mhz Limit: 1288
Processor Information for processor 7
  Max Mhz: 1498, Current Mhz: 998, Mhz Limit: 1288

Memory: 4k page, system-wide physical 16153M (4740M free)
TotalPageFile size 23833M (AvailPageFile size 10217M)
current process WorkingSet (physical memory assigned to process): 148M, peak: 151M
current process commit charge ("private bytes"): 402M, peak: 407M

vm_info: Java HotSpot(TM) 64-Bit Server VM (21.0.2+13-LTS-58) for windows-amd64 JRE (21.0.2+13-LTS-58), built on 2024-01-05T18:32:24Z by "mach5one" with MS VC++ 17.1 (VS2022)

END.
