#
# A fatal error has been detected by the Java Runtime Environment:
#
#  EXCEPTION_ACCESS_VIOLATION (0xc0000005) at pc=0x00007ffadd60d169, pid=7524, tid=22852
#
# JRE version: Java(TM) SE Runtime Environment (21.0.2+13) (build 21.0.2+13-LTS-58)
# Java VM: Java HotSpot(TM) 64-Bit Server VM (21.0.2+13-LTS-58, mixed mode, sharing, tiered, compressed oops, compressed class ptrs, g1 gc, windows-amd64)
# Problematic frame:
# C  [ig11icd64.dll+0x56d169]
#
# No core dump will be written. Minidumps are not enabled by default on client versions of Windows
#
# If you would like to submit a bug report, please visit:
#   https://bugreport.java.com/bugreport/crash.jsp
#

---------------  S U M M A R Y ------------

Command Line: -agentlib:jdwp=transport=dt_socket,address=127.0.0.1:52040,suspend=y,server=n -javaagent:C:\Users\mommy\AppData\Local\JetBrains\IdeaIC2024.2\captureAgent\debugger-agent.jar -Dkotlinx.coroutines.debug.enable.creation.stack.trace=false -Ddebugger.agent.enable.coroutines=true -Dfile.encoding=UTF-8 -Dsun.stdout.encoding=UTF-8 -Dsun.stderr.encoding=UTF-8 com.tecksupport.Main

Host: Intel(R) Core(TM) i7-1065G7 CPU @ 1.30GHz, 8 cores, 15G,  Windows 11 , 64 bit Build 22621 (10.0.22621.3958)
Time: Thu Oct 24 22:06:32 2024 Pacific Daylight Time elapsed time: 164.490486 seconds (0d 0h 2m 44s)

---------------  T H R E A D  ---------------

Current thread (0x000002b3b20a2ab0):  VMThread "VM Thread"          [id=22852, stack(0x000000d489b00000,0x000000d489c00000) (1024K)]

Stack: [0x000000d489b00000,0x000000d489c00000],  sp=0x000000d489bfe7c0,  free space=1017k
Native frames: (J=compiled Java code, j=interpreted, Vv=VM code, C=native code)
C  [ig11icd64.dll+0x56d169]


siginfo: EXCEPTION_ACCESS_VIOLATION (0xc0000005), reading address 0x0000000000035378


Registers:
RAX=0x000002b380cf7a90, RBX=0x000002b380cf7960, RCX=0x0000000000000000, RDX=0x000002b380cf7a50
RSP=0x000000d489bfe7c0, RBP=0x0000000000000000, RSI=0x000002b380cf7e98, RDI=0x000002b3f81f1320
R8 =0x0000000000000014, R9 =0x0000000000000000, R10=0x0000000000000000, R11=0x0000000000000246
R12=0x0000000000000000, R13=0x0000000000000000, R14=0x0000000000000000, R15=0x0000000000000000
RIP=0x00007ffadd60d169, EFLAGS=0x0000000000010206


Register to memory mapping:

RAX=0x000002b380cf7a90 points into unknown readable memory: 0x0000000000000029 | 29 00 00 00 00 00 00 00
RBX=0x000002b380cf7960 points into unknown readable memory: 0x000002b3f8615320 | 20 53 61 f8 b3 02 00 00
RCX=0x0 is null
RDX=0x000002b380cf7a50 points into unknown readable memory: 0x0000000000000000 | 00 00 00 00 00 00 00 00
RSP=0x000000d489bfe7c0 points into unknown readable memory: 0x000002b3f85be620 | 20 e6 5b f8 b3 02 00 00
RBP=0x0 is null
RSI=0x000002b380cf7e98 points into unknown readable memory: 0x0000000000000000 | 00 00 00 00 00 00 00 00
RDI=0x000002b3f81f1320 points into unknown readable memory: 0x00007ffb44916b00 | 00 6b 91 44 fb 7f 00 00
R8 =0x0000000000000014 is an unknown value
R9 =0x0 is null
R10=0x0 is null
R11=0x0000000000000246 is an unknown value
R12=0x0 is null
R13=0x0 is null
R14=0x0 is null
R15=0x0 is null

Top of Stack: (sp=0x000000d489bfe7c0)
0x000000d489bfe7c0:   000002b3f85be620 c7cb014117ca02c1
0x000000d489bfe7d0:   000000d489bfe808 0000005400000000
0x000000d489bfe7e0:   00007ffaddffb740 0000000000000000
0x000000d489bfe7f0:   000002b3f8a70850 0000000000000078
0x000000d489bfe800:   0000000000000000 00007ffadd5ee3ea
0x000000d489bfe810:   000002b3f85be620 000002b3f81f1320
0x000000d489bfe820:   000000d489bfe910 000000000000002a
0x000000d489bfe830:   000000d400000694 00902c6800000000
0x000000d489bfe840:   0000000000000000 02c9a79f0278d798
0x000000d489bfe850:   0141000200cfada5 33d901d3d1370000
0x000000d489bfe860:   00000142000102d5 0143000102d14270
0x000000d489bfe870:   0000007cecc00000 0000000000000000
0x000000d489bfe880:   0000000000000070 0000000000000000
0x000000d489bfe890:   0000000000000000 0000000000000000
0x000000d489bfe8a0:   0000000000000000 0000000000000000
0x000000d489bfe8b0:   0000000000000000 0000000000000000
0x000000d489bfe8c0:   0000b80200700000 0000000000000694
0x000000d489bfe8d0:   0000000000000000 4000230000000001
0x000000d489bfe8e0:   0000000000000000 0000000000000000
0x000000d489bfe8f0:   0000000000000000 0000000000000000
0x000000d489bfe900:   0000000000000000 0000000000000000
0x000000d489bfe910:   0000000000000000 0000000000000000
0x000000d489bfe920:   0000000000000000 0000000000000000
0x000000d489bfe930:   0000000000000000 0000000000000000
0x000000d489bfe940:   0000000000000000 0000000000000000
0x000000d489bfe950:   0000000000000000 0000000000000000
0x000000d489bfe960:   0000000000000000 0000000000000000
0x000000d489bfe970:   0000000000000000 0000000000000000
0x000000d489bfe980:   0000000000000000 0000000000000000
0x000000d489bfe990:   0000000000000000 0000000000000000
0x000000d489bfe9a0:   0000000000000000 0000000000000000
0x000000d489bfe9b0:   0000000000000000 0000000000000000 

Instructions: (pc=0x00007ffadd60d169)
0x00007ffadd60d069:   30 44 38 24 01 75 05 e8 a3 1b f9 ff 65 48 8b 04
0x00007ffadd60d079:   25 58 00 00 00 41 be 20 00 00 00 48 8b 04 30 4d
0x00007ffadd60d089:   8b 34 06 48 85 ed 0f 84 6f 03 00 00 66 66 66 0f
0x00007ffadd60d099:   1f 84 00 00 00 00 00 48 8b dd 48 8d b5 38 05 00
0x00007ffadd60d0a9:   00 48 8b 2e 45 84 ff 74 1d 48 8b 0b 48 8b d3 80
0x00007ffadd60d0b9:   bb 8a 05 00 00 00 0f 85 f2 02 00 00 e8 a6 63 fe
0x00007ffadd60d0c9:   ff e9 f4 02 00 00 8b 8f d0 01 00 00 48 8b 05 84
0x00007ffadd60d0d9:   21 8f 00 83 b8 64 03 00 00 02 0f 85 f4 00 00 00
0x00007ffadd60d0e9:   48 8d 93 f0 00 00 00 83 f9 10 73 04 8b c1 eb 56
0x00007ffadd60d0f9:   44 8d 41 f0 41 8b c0 c1 e8 04 83 f8 03 73 20 0f
0x00007ffadd60d109:   ae e8 41 83 e0 0f 4c 8b 8c c2 00 04 00 00 4d 85
0x00007ffadd60d119:   c9 74 25 41 8b c0 48 c1 e0 06 49 03 c1 eb 2e 48
0x00007ffadd60d129:   8b 82 18 04 00 00 48 85 c0 74 0d 39 08 74 29 48
0x00007ffadd60d139:   8b 40 48 48 85 c0 75 f3 80 ba 20 04 00 00 00 74
0x00007ffadd60d149:   1d 8b c1 83 e0 0f 48 c1 e0 06 48 03 c2 48 85 c0
0x00007ffadd60d159:   74 0c 48 8b 48 08 eb 08 48 83 c0 08 eb ef 33 c9
0x00007ffadd60d169:   49 3b 8e 78 53 03 00 76 6b 48 8b 87 80 02 00 00
0x00007ffadd60d179:   48 89 06 48 89 9f 80 02 00 00 ff 87 88 02 00 00
0x00007ffadd60d189:   48 8b 4b 08 48 8b 01 ba 01 00 00 00 48 8b 80 d8
0x00007ffadd60d199:   02 00 00 ff 15 5e 54 59 00 0f b7 c8 48 2b c1 48
0x00007ffadd60d1a9:   05 00 00 01 00 48 01 87 90 02 00 00 48 8b 4b 08
0x00007ffadd60d1b9:   48 8b 01 ba 01 00 00 00 48 8b 80 d8 02 00 00 ff
0x00007ffadd60d1c9:   15 32 54 59 00 48 01 87 a0 02 00 00 41 b4 01 e9
0x00007ffadd60d1d9:   e6 01 00 00 44 8b 9f d0 01 00 00 48 8b 87 e8 01
0x00007ffadd60d1e9:   00 00 4c 8b 10 8b 8f d0 01 00 00 48 8d 93 f0 00
0x00007ffadd60d1f9:   00 00 83 f9 10 73 04 8b c1 eb 57 44 8d 41 f0 41
0x00007ffadd60d209:   8b c0 c1 e8 04 83 f8 03 73 20 0f ae e8 41 83 e0
0x00007ffadd60d219:   0f 4c 8b 8c c2 00 04 00 00 4d 85 c9 74 26 41 8b
0x00007ffadd60d229:   c0 48 c1 e0 06 49 03 c1 eb 2f 48 8b 82 18 04 00
0x00007ffadd60d239:   00 48 85 c0 74 0e 90 39 08 74 3c 48 8b 40 48 48
0x00007ffadd60d249:   85 c0 75 f3 80 ba 20 04 00 00 00 74 1b 8b c1 83
0x00007ffadd60d259:   e0 0f 48 c1 e0 06 48 03 c2 48 85 c0 74 0a 4c 39 


Stack slot to memory mapping:

stack at sp + 0 slots: 0x000002b3f85be620 points into unknown readable memory: 0xffffffffffffffff | ff ff ff ff ff ff ff ff
stack at sp + 1 slots: 0xc7cb014117ca02c1 is an unknown value
stack at sp + 2 slots: 0x000000d489bfe808 points into unknown readable memory: 0x00007ffadd5ee3ea | ea e3 5e dd fa 7f 00 00
stack at sp + 3 slots: 0x0000005400000000 is an unknown value
stack at sp + 4 slots: 0x00007ffaddffb740 ig11icd64.dll
stack at sp + 5 slots: 0x0 is null
stack at sp + 6 slots: 0x000002b3f8a70850 points into unknown readable memory: 0x0000000000000000 | 00 00 00 00 00 00 00 00
stack at sp + 7 slots: 0x0000000000000078 is an unknown value

VM_Operation (0x000000d48b5ff1d0): Exit, mode: safepoint, requested by thread 0x000002b3f8001b10


---------------  P R O C E S S  ---------------

Threads class SMR info:
_java_thread_list=0x000002b380ceb520, length=14, elements={
0x000002b391238a60, 0x000002b3b20c5af0, 0x000002b3b20c7560, 0x000002b3b20c9100,
0x000002b3b20c9c90, 0x000002b3b20cc830, 0x000002b3f8002830, 0x000002b3f8010130,
0x000002b3f80313f0, 0x000002b3f80000d0, 0x000002b3f82207c0, 0x000002b3f8001480,
0x000002b3f8000df0, 0x000002b3f8001b10
}

Java Threads: ( => current thread )
  0x000002b391238a60 JavaThread "main"                              [_thread_blocked, id=25724, stack(0x000000d489300000,0x000000d489400000) (1024K)]
  0x000002b3b20c5af0 JavaThread "Reference Handler"          daemon [_thread_blocked, id=21796, stack(0x000000d489c00000,0x000000d489d00000) (1024K)]
  0x000002b3b20c7560 JavaThread "Finalizer"                  daemon [_thread_blocked, id=21024, stack(0x000000d489d00000,0x000000d489e00000) (1024K)]
  0x000002b3b20c9100 JavaThread "Signal Dispatcher"          daemon [_thread_blocked, id=13356, stack(0x000000d489e00000,0x000000d489f00000) (1024K)]
  0x000002b3b20c9c90 JavaThread "Attach Listener"            daemon [_thread_blocked, id=24196, stack(0x000000d489f00000,0x000000d48a000000) (1024K)]
  0x000002b3b20cc830 JavaThread "Service Thread"             daemon [_thread_blocked, id=27296, stack(0x000000d48a000000,0x000000d48a100000) (1024K)]
  0x000002b3f8002830 JavaThread "Monitor Deflation Thread"   daemon [_thread_blocked, id=27016, stack(0x000000d48a100000,0x000000d48a200000) (1024K)]
  0x000002b3f8010130 JavaThread "C2 CompilerThread0"         daemon [_thread_blocked, id=25628, stack(0x000000d48a200000,0x000000d48a300000) (1024K)]
  0x000002b3f80313f0 JavaThread "C1 CompilerThread0"         daemon [_thread_blocked, id=15132, stack(0x000000d48a300000,0x000000d48a400000) (1024K)]
  0x000002b3f80000d0 JavaThread "Common-Cleaner"             daemon [_thread_blocked, id=4912, stack(0x000000d48a400000,0x000000d48a500000) (1024K)]
  0x000002b3f82207c0 JavaThread "JDWP Event Helper Thread"   daemon [_thread_blocked, id=23036, stack(0x000000d48a600000,0x000000d48a700000) (1024K)]
  0x000002b3f8001480 JavaThread "Notification Thread"        daemon [_thread_blocked, id=26512, stack(0x000000d48a800000,0x000000d48a900000) (1024K)]
  0x000002b3f8000df0 JavaThread "Java2D Disposer"            daemon [_thread_blocked, id=25840, stack(0x000000d48b300000,0x000000d48b400000) (1024K)]
  0x000002b3f8001b10 JavaThread "SIGINT handler"             daemon [_thread_blocked, id=944, stack(0x000000d48b500000,0x000000d48b600000) (1024K)]
Total: 14

Other Threads:
=>0x000002b3b20a2ab0 VMThread "VM Thread"                           [id=22852, stack(0x000000d489b00000,0x000000d489c00000) (1024K)]
  0x000002b3935ae250 WorkerThread "GC Thread#0"                     [id=5696, stack(0x000000d489500000,0x000000d489600000) (1024K)]
  0x000002b3f85cf9b0 WorkerThread "GC Thread#1"                     [id=20768, stack(0x000000d48a500000,0x000000d48a600000) (1024K)]
  0x000002b380ba2440 WorkerThread "GC Thread#2"                     [id=5840, stack(0x000000d48a700000,0x000000d48a800000) (1024K)]
  0x000002b380bb0ac0 WorkerThread "GC Thread#3"                     [id=21768, stack(0x000000d48a900000,0x000000d48aa00000) (1024K)]
  0x000002b3f8625e80 WorkerThread "GC Thread#4"                     [id=9212, stack(0x000000d48aa00000,0x000000d48ab00000) (1024K)]
  0x000002b3f8563d50 WorkerThread "GC Thread#5"                     [id=18296, stack(0x000000d48b100000,0x000000d48b200000) (1024K)]
  0x000002b380fec1a0 WorkerThread "GC Thread#6"                     [id=16192, stack(0x000000d48b200000,0x000000d48b300000) (1024K)]
  0x000002b3f8204bf0 WorkerThread "GC Thread#7"                     [id=22860, stack(0x000000d48b400000,0x000000d48b500000) (1024K)]
  0x000002b3935bedb0 ConcurrentGCThread "G1 Main Marker"            terminated
  0x000002b3935c0350 WorkerThread "G1 Conc#0"                       [id=18612, stack(0x000000d489700000,0x000000d489800000) (1024K)]
  0x000002b3b1f564d0 ConcurrentGCThread "G1 Refine#0"               terminated
  0x000002b3b1f56e50 ConcurrentGCThread "G1 Service"                terminated
Total: 13

Threads with active compile tasks:
Total: 0

VM state: at safepoint (shutting down)

VM Mutex/Monitor currently owned by a thread:  ([mutex/lock_event])
[0x00007ffaded0cd68] Threads_lock - owner thread: 0x000002b3b20a2ab0
[0x00007ffaded0ce68] Heap_lock - owner thread: 0x000002b3f8001b10

Heap address: 0x0000000703800000, size: 4040 MB, Compressed Oops mode: Zero based, Oop shift amount: 3

CDS archive(s) mapped at: [0x000002b3b3000000-0x000002b3b3c90000-0x000002b3b3c90000), size 13172736, SharedBaseAddress: 0x000002b3b3000000, ArchiveRelocationMode: 1.
Compressed class space mapped at: 0x000002b3b4000000-0x000002b3f4000000, reserved size: 1073741824
Narrow klass base: 0x000002b3b3000000, Narrow klass shift: 0, Narrow klass range: 0x100000000

GC Precious Log:
 CardTable entry size: 512
 Card Set container configuration: InlinePtr #cards 4 size 8 Array Of Cards #cards 16 size 48 Howl #buckets 8 coarsen threshold 3686 Howl Bitmap #cards 512 size 80 coarsen threshold 460 Card regions per heap region 1 cards per card region 4096
 CPUs: 8 total, 8 available
 Memory: 16153M
 Large Page Support: Disabled
 NUMA Support: Disabled
 Compressed Oops: Enabled (Zero based)
 Heap Region Size: 2M
 Heap Min Capacity: 8M
 Heap Initial Capacity: 254M
 Heap Max Capacity: 4040M
 Pre-touch: Disabled
 Parallel Workers: 8
 Concurrent Workers: 2
 Concurrent Refinement Workers: 8
 Periodic GC: Disabled

Heap:
 garbage-first heap   total 260096K, used 2943K [0x0000000703800000, 0x0000000800000000)
  region size 2048K, 3 young (6144K), 2 survivors (4096K)
 Metaspace       used 7344K, committed 7552K, reserved 1114112K
  class space    used 458K, committed 576K, reserved 1048576K

Heap Regions: E=young(eden), S=young(survivor), O=old, HS=humongous(starts), HC=humongous(continues), CS=collection set, F=free, TAMS=top-at-mark-start, PB=parsable bottom
|   0|0x0000000703800000, 0x0000000703800000, 0x0000000703a00000|  0%| F|  |TAMS 0x0000000703800000| PB 0x0000000703800000| Untracked 
|   1|0x0000000703a00000, 0x0000000703a00000, 0x0000000703c00000|  0%| F|  |TAMS 0x0000000703a00000| PB 0x0000000703a00000| Untracked 
|   2|0x0000000703c00000, 0x0000000703c00000, 0x0000000703e00000|  0%| F|  |TAMS 0x0000000703c00000| PB 0x0000000703c00000| Untracked 
|   3|0x0000000703e00000, 0x0000000703e00000, 0x0000000704000000|  0%| F|  |TAMS 0x0000000703e00000| PB 0x0000000703e00000| Untracked 
|   4|0x0000000704000000, 0x0000000704000000, 0x0000000704200000|  0%| F|  |TAMS 0x0000000704000000| PB 0x0000000704000000| Untracked 
|   5|0x0000000704200000, 0x0000000704200000, 0x0000000704400000|  0%| F|  |TAMS 0x0000000704200000| PB 0x0000000704200000| Untracked 
|   6|0x0000000704400000, 0x0000000704400000, 0x0000000704600000|  0%| F|  |TAMS 0x0000000704400000| PB 0x0000000704400000| Untracked 
|   7|0x0000000704600000, 0x0000000704600000, 0x0000000704800000|  0%| F|  |TAMS 0x0000000704600000| PB 0x0000000704600000| Untracked 
|   8|0x0000000704800000, 0x0000000704800000, 0x0000000704a00000|  0%| F|  |TAMS 0x0000000704800000| PB 0x0000000704800000| Untracked 
|   9|0x0000000704a00000, 0x0000000704a00000, 0x0000000704c00000|  0%| F|  |TAMS 0x0000000704a00000| PB 0x0000000704a00000| Untracked 
|  10|0x0000000704c00000, 0x0000000704c00000, 0x0000000704e00000|  0%| F|  |TAMS 0x0000000704c00000| PB 0x0000000704c00000| Untracked 
|  11|0x0000000704e00000, 0x0000000704e00000, 0x0000000705000000|  0%| F|  |TAMS 0x0000000704e00000| PB 0x0000000704e00000| Untracked 
|  12|0x0000000705000000, 0x0000000705000000, 0x0000000705200000|  0%| F|  |TAMS 0x0000000705000000| PB 0x0000000705000000| Untracked 
|  13|0x0000000705200000, 0x0000000705200000, 0x0000000705400000|  0%| F|  |TAMS 0x0000000705200000| PB 0x0000000705200000| Untracked 
|  14|0x0000000705400000, 0x0000000705400000, 0x0000000705600000|  0%| F|  |TAMS 0x0000000705400000| PB 0x0000000705400000| Untracked 
|  15|0x0000000705600000, 0x0000000705600000, 0x0000000705800000|  0%| F|  |TAMS 0x0000000705600000| PB 0x0000000705600000| Untracked 
|  16|0x0000000705800000, 0x0000000705800000, 0x0000000705a00000|  0%| F|  |TAMS 0x0000000705800000| PB 0x0000000705800000| Untracked 
|  17|0x0000000705a00000, 0x0000000705a00000, 0x0000000705c00000|  0%| F|  |TAMS 0x0000000705a00000| PB 0x0000000705a00000| Untracked 
|  18|0x0000000705c00000, 0x0000000705c00000, 0x0000000705e00000|  0%| F|  |TAMS 0x0000000705c00000| PB 0x0000000705c00000| Untracked 
|  19|0x0000000705e00000, 0x0000000705e00000, 0x0000000706000000|  0%| F|  |TAMS 0x0000000705e00000| PB 0x0000000705e00000| Untracked 
|  20|0x0000000706000000, 0x0000000706000000, 0x0000000706200000|  0%| F|  |TAMS 0x0000000706000000| PB 0x0000000706000000| Untracked 
|  21|0x0000000706200000, 0x0000000706200000, 0x0000000706400000|  0%| F|  |TAMS 0x0000000706200000| PB 0x0000000706200000| Untracked 
|  22|0x0000000706400000, 0x0000000706400000, 0x0000000706600000|  0%| F|  |TAMS 0x0000000706400000| PB 0x0000000706400000| Untracked 
|  23|0x0000000706600000, 0x0000000706600000, 0x0000000706800000|  0%| F|  |TAMS 0x0000000706600000| PB 0x0000000706600000| Untracked 
|  24|0x0000000706800000, 0x0000000706800000, 0x0000000706a00000|  0%| F|  |TAMS 0x0000000706800000| PB 0x0000000706800000| Untracked 
|  25|0x0000000706a00000, 0x0000000706a00000, 0x0000000706c00000|  0%| F|  |TAMS 0x0000000706a00000| PB 0x0000000706a00000| Untracked 
|  26|0x0000000706c00000, 0x0000000706c00000, 0x0000000706e00000|  0%| F|  |TAMS 0x0000000706c00000| PB 0x0000000706c00000| Untracked 
|  27|0x0000000706e00000, 0x0000000706e00000, 0x0000000707000000|  0%| F|  |TAMS 0x0000000706e00000| PB 0x0000000706e00000| Untracked 
|  28|0x0000000707000000, 0x0000000707000000, 0x0000000707200000|  0%| F|  |TAMS 0x0000000707000000| PB 0x0000000707000000| Untracked 
|  29|0x0000000707200000, 0x0000000707200000, 0x0000000707400000|  0%| F|  |TAMS 0x0000000707200000| PB 0x0000000707200000| Untracked 
|  30|0x0000000707400000, 0x0000000707400000, 0x0000000707600000|  0%| F|  |TAMS 0x0000000707400000| PB 0x0000000707400000| Untracked 
|  31|0x0000000707600000, 0x0000000707600000, 0x0000000707800000|  0%| F|  |TAMS 0x0000000707600000| PB 0x0000000707600000| Untracked 
|  32|0x0000000707800000, 0x0000000707800000, 0x0000000707a00000|  0%| F|  |TAMS 0x0000000707800000| PB 0x0000000707800000| Untracked 
|  33|0x0000000707a00000, 0x0000000707a00000, 0x0000000707c00000|  0%| F|  |TAMS 0x0000000707a00000| PB 0x0000000707a00000| Untracked 
|  34|0x0000000707c00000, 0x0000000707c00000, 0x0000000707e00000|  0%| F|  |TAMS 0x0000000707c00000| PB 0x0000000707c00000| Untracked 
|  35|0x0000000707e00000, 0x0000000707e00000, 0x0000000708000000|  0%| F|  |TAMS 0x0000000707e00000| PB 0x0000000707e00000| Untracked 
|  36|0x0000000708000000, 0x0000000708000000, 0x0000000708200000|  0%| F|  |TAMS 0x0000000708000000| PB 0x0000000708000000| Untracked 
|  37|0x0000000708200000, 0x0000000708200000, 0x0000000708400000|  0%| F|  |TAMS 0x0000000708200000| PB 0x0000000708200000| Untracked 
|  38|0x0000000708400000, 0x0000000708400000, 0x0000000708600000|  0%| F|  |TAMS 0x0000000708400000| PB 0x0000000708400000| Untracked 
|  39|0x0000000708600000, 0x0000000708600000, 0x0000000708800000|  0%| F|  |TAMS 0x0000000708600000| PB 0x0000000708600000| Untracked 
|  40|0x0000000708800000, 0x0000000708800000, 0x0000000708a00000|  0%| F|  |TAMS 0x0000000708800000| PB 0x0000000708800000| Untracked 
|  41|0x0000000708a00000, 0x0000000708a00000, 0x0000000708c00000|  0%| F|  |TAMS 0x0000000708a00000| PB 0x0000000708a00000| Untracked 
|  42|0x0000000708c00000, 0x0000000708c00000, 0x0000000708e00000|  0%| F|  |TAMS 0x0000000708c00000| PB 0x0000000708c00000| Untracked 
|  43|0x0000000708e00000, 0x0000000708e00000, 0x0000000709000000|  0%| F|  |TAMS 0x0000000708e00000| PB 0x0000000708e00000| Untracked 
|  44|0x0000000709000000, 0x0000000709000000, 0x0000000709200000|  0%| F|  |TAMS 0x0000000709000000| PB 0x0000000709000000| Untracked 
|  45|0x0000000709200000, 0x0000000709200000, 0x0000000709400000|  0%| F|  |TAMS 0x0000000709200000| PB 0x0000000709200000| Untracked 
|  46|0x0000000709400000, 0x0000000709400000, 0x0000000709600000|  0%| F|  |TAMS 0x0000000709400000| PB 0x0000000709400000| Untracked 
|  47|0x0000000709600000, 0x0000000709600000, 0x0000000709800000|  0%| F|  |TAMS 0x0000000709600000| PB 0x0000000709600000| Untracked 
|  48|0x0000000709800000, 0x0000000709800000, 0x0000000709a00000|  0%| F|  |TAMS 0x0000000709800000| PB 0x0000000709800000| Untracked 
|  49|0x0000000709a00000, 0x0000000709a00000, 0x0000000709c00000|  0%| F|  |TAMS 0x0000000709a00000| PB 0x0000000709a00000| Untracked 
|  50|0x0000000709c00000, 0x0000000709c00000, 0x0000000709e00000|  0%| F|  |TAMS 0x0000000709c00000| PB 0x0000000709c00000| Untracked 
|  51|0x0000000709e00000, 0x0000000709e00000, 0x000000070a000000|  0%| F|  |TAMS 0x0000000709e00000| PB 0x0000000709e00000| Untracked 
|  52|0x000000070a000000, 0x000000070a000000, 0x000000070a200000|  0%| F|  |TAMS 0x000000070a000000| PB 0x000000070a000000| Untracked 
|  53|0x000000070a200000, 0x000000070a200000, 0x000000070a400000|  0%| F|  |TAMS 0x000000070a200000| PB 0x000000070a200000| Untracked 
|  54|0x000000070a400000, 0x000000070a400000, 0x000000070a600000|  0%| F|  |TAMS 0x000000070a400000| PB 0x000000070a400000| Untracked 
|  55|0x000000070a600000, 0x000000070a600000, 0x000000070a800000|  0%| F|  |TAMS 0x000000070a600000| PB 0x000000070a600000| Untracked 
|  56|0x000000070a800000, 0x000000070a800000, 0x000000070aa00000|  0%| F|  |TAMS 0x000000070a800000| PB 0x000000070a800000| Untracked 
|  57|0x000000070aa00000, 0x000000070aa00000, 0x000000070ac00000|  0%| F|  |TAMS 0x000000070aa00000| PB 0x000000070aa00000| Untracked 
|  58|0x000000070ac00000, 0x000000070ac00000, 0x000000070ae00000|  0%| F|  |TAMS 0x000000070ac00000| PB 0x000000070ac00000| Untracked 
|  59|0x000000070ae00000, 0x000000070ae00000, 0x000000070b000000|  0%| F|  |TAMS 0x000000070ae00000| PB 0x000000070ae00000| Untracked 
|  60|0x000000070b000000, 0x000000070b000000, 0x000000070b200000|  0%| F|  |TAMS 0x000000070b000000| PB 0x000000070b000000| Untracked 
|  61|0x000000070b200000, 0x000000070b200000, 0x000000070b400000|  0%| F|  |TAMS 0x000000070b200000| PB 0x000000070b200000| Untracked 
|  62|0x000000070b400000, 0x000000070b400000, 0x000000070b600000|  0%| F|  |TAMS 0x000000070b400000| PB 0x000000070b400000| Untracked 
|  63|0x000000070b600000, 0x000000070b600000, 0x000000070b800000|  0%| F|  |TAMS 0x000000070b600000| PB 0x000000070b600000| Untracked 
|  64|0x000000070b800000, 0x000000070b800000, 0x000000070ba00000|  0%| F|  |TAMS 0x000000070b800000| PB 0x000000070b800000| Untracked 
|  65|0x000000070ba00000, 0x000000070ba00000, 0x000000070bc00000|  0%| F|  |TAMS 0x000000070ba00000| PB 0x000000070ba00000| Untracked 
|  66|0x000000070bc00000, 0x000000070bc00000, 0x000000070be00000|  0%| F|  |TAMS 0x000000070bc00000| PB 0x000000070bc00000| Untracked 
|  67|0x000000070be00000, 0x000000070be00000, 0x000000070c000000|  0%| F|  |TAMS 0x000000070be00000| PB 0x000000070be00000| Untracked 
|  68|0x000000070c000000, 0x000000070c000000, 0x000000070c200000|  0%| F|  |TAMS 0x000000070c000000| PB 0x000000070c000000| Untracked 
|  69|0x000000070c200000, 0x000000070c200000, 0x000000070c400000|  0%| F|  |TAMS 0x000000070c200000| PB 0x000000070c200000| Untracked 
|  70|0x000000070c400000, 0x000000070c400000, 0x000000070c600000|  0%| F|  |TAMS 0x000000070c400000| PB 0x000000070c400000| Untracked 
|  71|0x000000070c600000, 0x000000070c600000, 0x000000070c800000|  0%| F|  |TAMS 0x000000070c600000| PB 0x000000070c600000| Untracked 
|  72|0x000000070c800000, 0x000000070c800000, 0x000000070ca00000|  0%| F|  |TAMS 0x000000070c800000| PB 0x000000070c800000| Untracked 
|  73|0x000000070ca00000, 0x000000070ca00000, 0x000000070cc00000|  0%| F|  |TAMS 0x000000070ca00000| PB 0x000000070ca00000| Untracked 
|  74|0x000000070cc00000, 0x000000070cc00000, 0x000000070ce00000|  0%| F|  |TAMS 0x000000070cc00000| PB 0x000000070cc00000| Untracked 
|  75|0x000000070ce00000, 0x000000070ce00000, 0x000000070d000000|  0%| F|  |TAMS 0x000000070ce00000| PB 0x000000070ce00000| Untracked 
|  76|0x000000070d000000, 0x000000070d000000, 0x000000070d200000|  0%| F|  |TAMS 0x000000070d000000| PB 0x000000070d000000| Untracked 
|  77|0x000000070d200000, 0x000000070d200000, 0x000000070d400000|  0%| F|  |TAMS 0x000000070d200000| PB 0x000000070d200000| Untracked 
|  78|0x000000070d400000, 0x000000070d400000, 0x000000070d600000|  0%| F|  |TAMS 0x000000070d400000| PB 0x000000070d400000| Untracked 
|  79|0x000000070d600000, 0x000000070d600000, 0x000000070d800000|  0%| F|  |TAMS 0x000000070d600000| PB 0x000000070d600000| Untracked 
|  80|0x000000070d800000, 0x000000070d800000, 0x000000070da00000|  0%| F|  |TAMS 0x000000070d800000| PB 0x000000070d800000| Untracked 
|  81|0x000000070da00000, 0x000000070da00000, 0x000000070dc00000|  0%| F|  |TAMS 0x000000070da00000| PB 0x000000070da00000| Untracked 
|  82|0x000000070dc00000, 0x000000070dc00000, 0x000000070de00000|  0%| F|  |TAMS 0x000000070dc00000| PB 0x000000070dc00000| Untracked 
|  83|0x000000070de00000, 0x000000070de00000, 0x000000070e000000|  0%| F|  |TAMS 0x000000070de00000| PB 0x000000070de00000| Untracked 
|  84|0x000000070e000000, 0x000000070e000000, 0x000000070e200000|  0%| F|  |TAMS 0x000000070e000000| PB 0x000000070e000000| Untracked 
|  85|0x000000070e200000, 0x000000070e200000, 0x000000070e400000|  0%| F|  |TAMS 0x000000070e200000| PB 0x000000070e200000| Untracked 
|  86|0x000000070e400000, 0x000000070e400000, 0x000000070e600000|  0%| F|  |TAMS 0x000000070e400000| PB 0x000000070e400000| Untracked 
|  87|0x000000070e600000, 0x000000070e600000, 0x000000070e800000|  0%| F|  |TAMS 0x000000070e600000| PB 0x000000070e600000| Untracked 
|  88|0x000000070e800000, 0x000000070e800000, 0x000000070ea00000|  0%| F|  |TAMS 0x000000070e800000| PB 0x000000070e800000| Untracked 
|  89|0x000000070ea00000, 0x000000070ea00000, 0x000000070ec00000|  0%| F|  |TAMS 0x000000070ea00000| PB 0x000000070ea00000| Untracked 
|  90|0x000000070ec00000, 0x000000070ec00000, 0x000000070ee00000|  0%| F|  |TAMS 0x000000070ec00000| PB 0x000000070ec00000| Untracked 
|  91|0x000000070ee00000, 0x000000070ee00000, 0x000000070f000000|  0%| F|  |TAMS 0x000000070ee00000| PB 0x000000070ee00000| Untracked 
|  92|0x000000070f000000, 0x000000070f000000, 0x000000070f200000|  0%| F|  |TAMS 0x000000070f000000| PB 0x000000070f000000| Untracked 
|  93|0x000000070f200000, 0x000000070f200000, 0x000000070f400000|  0%| F|  |TAMS 0x000000070f200000| PB 0x000000070f200000| Untracked 
|  94|0x000000070f400000, 0x000000070f400000, 0x000000070f600000|  0%| F|  |TAMS 0x000000070f400000| PB 0x000000070f400000| Untracked 
|  95|0x000000070f600000, 0x000000070f600000, 0x000000070f800000|  0%| F|  |TAMS 0x000000070f600000| PB 0x000000070f600000| Untracked 
|  96|0x000000070f800000, 0x000000070f800000, 0x000000070fa00000|  0%| F|  |TAMS 0x000000070f800000| PB 0x000000070f800000| Untracked 
|  97|0x000000070fa00000, 0x000000070fa00000, 0x000000070fc00000|  0%| F|  |TAMS 0x000000070fa00000| PB 0x000000070fa00000| Untracked 
|  98|0x000000070fc00000, 0x000000070fc00000, 0x000000070fe00000|  0%| F|  |TAMS 0x000000070fc00000| PB 0x000000070fc00000| Untracked 
|  99|0x000000070fe00000, 0x000000070fe00000, 0x0000000710000000|  0%| F|  |TAMS 0x000000070fe00000| PB 0x000000070fe00000| Untracked 
| 100|0x0000000710000000, 0x0000000710000000, 0x0000000710200000|  0%| F|  |TAMS 0x0000000710000000| PB 0x0000000710000000| Untracked 
| 101|0x0000000710200000, 0x0000000710200000, 0x0000000710400000|  0%| F|  |TAMS 0x0000000710200000| PB 0x0000000710200000| Untracked 
| 102|0x0000000710400000, 0x0000000710400000, 0x0000000710600000|  0%| F|  |TAMS 0x0000000710400000| PB 0x0000000710400000| Untracked 
| 103|0x0000000710600000, 0x0000000710600000, 0x0000000710800000|  0%| F|  |TAMS 0x0000000710600000| PB 0x0000000710600000| Untracked 
| 104|0x0000000710800000, 0x0000000710800000, 0x0000000710a00000|  0%| F|  |TAMS 0x0000000710800000| PB 0x0000000710800000| Untracked 
| 105|0x0000000710a00000, 0x0000000710a00000, 0x0000000710c00000|  0%| F|  |TAMS 0x0000000710a00000| PB 0x0000000710a00000| Untracked 
| 106|0x0000000710c00000, 0x0000000710c00000, 0x0000000710e00000|  0%| F|  |TAMS 0x0000000710c00000| PB 0x0000000710c00000| Untracked 
| 107|0x0000000710e00000, 0x0000000710e00000, 0x0000000711000000|  0%| F|  |TAMS 0x0000000710e00000| PB 0x0000000710e00000| Untracked 
| 108|0x0000000711000000, 0x0000000711000000, 0x0000000711200000|  0%| F|  |TAMS 0x0000000711000000| PB 0x0000000711000000| Untracked 
| 109|0x0000000711200000, 0x0000000711200000, 0x0000000711400000|  0%| F|  |TAMS 0x0000000711200000| PB 0x0000000711200000| Untracked 
| 110|0x0000000711400000, 0x0000000711400000, 0x0000000711600000|  0%| F|  |TAMS 0x0000000711400000| PB 0x0000000711400000| Untracked 
| 111|0x0000000711600000, 0x0000000711600000, 0x0000000711800000|  0%| F|  |TAMS 0x0000000711600000| PB 0x0000000711600000| Untracked 
| 112|0x0000000711800000, 0x0000000711800000, 0x0000000711a00000|  0%| F|  |TAMS 0x0000000711800000| PB 0x0000000711800000| Untracked 
| 113|0x0000000711a00000, 0x0000000711a00000, 0x0000000711c00000|  0%| F|  |TAMS 0x0000000711a00000| PB 0x0000000711a00000| Untracked 
| 114|0x0000000711c00000, 0x0000000711cdffc8, 0x0000000711e00000| 43%| S|CS|TAMS 0x0000000711c00000| PB 0x0000000711c00000| Complete 
| 115|0x0000000711e00000, 0x0000000712000000, 0x0000000712000000|100%| S|CS|TAMS 0x0000000711e00000| PB 0x0000000711e00000| Complete 
| 116|0x0000000712000000, 0x0000000712000000, 0x0000000712200000|  0%| F|  |TAMS 0x0000000712000000| PB 0x0000000712000000| Untracked 
| 117|0x0000000712200000, 0x0000000712200000, 0x0000000712400000|  0%| F|  |TAMS 0x0000000712200000| PB 0x0000000712200000| Untracked 
| 118|0x0000000712400000, 0x0000000712400000, 0x0000000712600000|  0%| F|  |TAMS 0x0000000712400000| PB 0x0000000712400000| Untracked 
| 119|0x0000000712600000, 0x0000000712600000, 0x0000000712800000|  0%| F|  |TAMS 0x0000000712600000| PB 0x0000000712600000| Untracked 
| 120|0x0000000712800000, 0x0000000712800000, 0x0000000712a00000|  0%| F|  |TAMS 0x0000000712800000| PB 0x0000000712800000| Untracked 
| 121|0x0000000712a00000, 0x0000000712a00000, 0x0000000712c00000|  0%| F|  |TAMS 0x0000000712a00000| PB 0x0000000712a00000| Untracked 
| 122|0x0000000712c00000, 0x0000000712c00000, 0x0000000712e00000|  0%| F|  |TAMS 0x0000000712c00000| PB 0x0000000712c00000| Untracked 
| 123|0x0000000712e00000, 0x0000000712e00000, 0x0000000713000000|  0%| F|  |TAMS 0x0000000712e00000| PB 0x0000000712e00000| Untracked 
| 124|0x0000000713000000, 0x0000000713000000, 0x0000000713200000|  0%| F|  |TAMS 0x0000000713000000| PB 0x0000000713000000| Untracked 
| 125|0x0000000713200000, 0x0000000713200000, 0x0000000713400000|  0%| F|  |TAMS 0x0000000713200000| PB 0x0000000713200000| Untracked 
| 126|0x0000000713400000, 0x00000007135a7010, 0x0000000713600000| 82%| E|  |TAMS 0x0000000713400000| PB 0x0000000713400000| Complete 

Card table byte_map: [0x000002b3ab490000,0x000002b3abc80000] _byte_map_base: 0x000002b3a7c74000

Marking Bits: (CMBitMap*) 0x000002b3935ae850
 Bits: [0x000002b3abc80000, 0x000002b3afba0000)

Polling page: 0x000002b392cd0000

Metaspace:

Usage:
  Non-class:      6.72 MB used.
      Class:    458.67 KB used.
       Both:      7.17 MB used.

Virtual space:
  Non-class space:       64.00 MB reserved,       6.81 MB ( 11%) committed,  1 nodes.
      Class space:        1.00 GB reserved,     576.00 KB ( <1%) committed,  1 nodes.
             Both:        1.06 GB reserved,       7.38 MB ( <1%) committed. 

Chunk freelists:
   Non-Class:  8.56 MB
       Class:  15.49 MB
        Both:  24.06 MB

MaxMetaspaceSize: unlimited
CompressedClassSpaceSize: 1.00 GB
Initial GC threshold: 21.00 MB
Current GC threshold: 21.00 MB
CDS: on
 - commit_granule_bytes: 65536.
 - commit_granule_words: 8192.
 - virtual_space_node_default_size: 8388608.
 - enlarge_chunks_in_place: 1.
 - use_allocation_guard: 0.


Internal statistics:

num_allocs_failed_limit: 0.
num_arena_births: 152.
num_arena_deaths: 0.
num_vsnodes_births: 2.
num_vsnodes_deaths: 0.
num_space_committed: 116.
num_space_uncommitted: 0.
num_chunks_returned_to_freelist: 0.
num_chunks_taken_from_freelist: 314.
num_chunk_merges: 0.
num_chunk_splits: 212.
num_chunks_enlarged: 130.
num_inconsistent_stats: 0.

CodeHeap 'non-profiled nmethods': size=120000Kb used=352Kb max_used=352Kb free=119647Kb
 bounds [0x000002b3a3440000, 0x000002b3a36b0000, 0x000002b3aa970000]
CodeHeap 'profiled nmethods': size=120000Kb used=1643Kb max_used=1643Kb free=118357Kb
 bounds [0x000002b39b970000, 0x000002b39bbe0000, 0x000002b3a2ea0000]
CodeHeap 'non-nmethods': size=5760Kb used=2640Kb max_used=2640Kb free=3119Kb
 bounds [0x000002b3a2ea0000, 0x000002b3a3140000, 0x000002b3a3440000]
 total_blobs=2195 nmethods=1020 adapters=1080
 compilation: enabled
              stopped_count=0, restarted_count=0
 full_count=0

Compilation events (20 events):
Event: 1.860 Thread 0x000002b3f80313f0 1010       3       java.lang.Character::isDigit (5 bytes)
Event: 1.860 Thread 0x000002b3f80313f0 nmethod 1010 0x000002b39bb08690 code [0x000002b39bb08860, 0x000002b39bb08ab8]
Event: 1.860 Thread 0x000002b3f80313f0 1011       3       java.lang.Character::isDigit (9 bytes)
Event: 1.861 Thread 0x000002b3f80313f0 nmethod 1011 0x000002b39bb08b90 code [0x000002b39bb08d40, 0x000002b39bb08f38]
Event: 1.889 Thread 0x000002b3f8010130 1012       4       java.lang.AbstractStringBuilder::append (77 bytes)
Event: 1.891 Thread 0x000002b3f80313f0 1013       3       java.lang.CharacterDataLatin1::isDigit (18 bytes)
Event: 1.891 Thread 0x000002b3f80313f0 nmethod 1013 0x000002b39bb09010 code [0x000002b39bb091c0, 0x000002b39bb09360]
Event: 1.894 Thread 0x000002b3f80313f0 1014  s    3       java.lang.StringBuffer::append (13 bytes)
Event: 1.895 Thread 0x000002b3f80313f0 nmethod 1014 0x000002b39bb09410 code [0x000002b39bb095c0, 0x000002b39bb09810]
Event: 1.898 Thread 0x000002b3f8010130 nmethod 1012 0x000002b3a3497410 code [0x000002b3a34975e0, 0x000002b3a3497ce0]
Event: 1.898 Thread 0x000002b3f80313f0 1016       3       java.lang.Double::isInfinite (17 bytes)
Event: 1.899 Thread 0x000002b3f80313f0 nmethod 1016 0x000002b39bb09910 code [0x000002b39bb09ae0, 0x000002b39bb09c70]
Event: 1.899 Thread 0x000002b3f80313f0 1015       3       java.text.DontCareFieldPosition$1::formatted (1 bytes)
Event: 1.899 Thread 0x000002b3f80313f0 nmethod 1015 0x000002b39bb09d10 code [0x000002b39bb09ea0, 0x000002b39bb09fa8]
Event: 1.899 Thread 0x000002b3f80313f0 1017       3       java.text.DigitList::isZero (31 bytes)
Event: 1.899 Thread 0x000002b3f80313f0 nmethod 1017 0x000002b39bb0a010 code [0x000002b39bb0a1c0, 0x000002b39bb0a418]
Event: 164.384 Thread 0x000002b3f80313f0 1018       3       java.lang.ref.Reference::clear (5 bytes)
Event: 164.385 Thread 0x000002b3f80313f0 nmethod 1018 0x000002b39bb0a510 code [0x000002b39bb0a6c0, 0x000002b39bb0a808]
Event: 164.449 Thread 0x000002b3f80313f0 1020       3       java.lang.invoke.MethodType::basicType (8 bytes)
Event: 164.449 Thread 0x000002b3f80313f0 nmethod 1020 0x000002b39bb0a890 code [0x000002b39bb0aa20, 0x000002b39bb0ab58]

GC Heap History (2 events):
Event: 164.375 GC heap before
{Heap before GC invocations=0 (full 0):
 garbage-first heap   total 260096K, used 20480K [0x0000000703800000, 0x0000000800000000)
  region size 2048K, 11 young (22528K), 0 survivors (0K)
 Metaspace       used 6910K, committed 7104K, reserved 1114112K
  class space    used 438K, committed 512K, reserved 1048576K
}
Event: 164.383 GC heap after
{Heap after GC invocations=1 (full 0):
 garbage-first heap   total 260096K, used 2943K [0x0000000703800000, 0x0000000800000000)
  region size 2048K, 2 young (4096K), 2 survivors (4096K)
 Metaspace       used 6910K, committed 7104K, reserved 1114112K
  class space    used 438K, committed 512K, reserved 1048576K
}

Dll operation events (12 events):
Event: 0.014 Loaded shared library C:\Program Files\Java\jdk-21\bin\java.dll
Event: 0.016 Loaded shared library C:\Program Files\Java\jdk-21\bin\zip.dll
Event: 0.060 Loaded shared library C:\Program Files\Java\jdk-21\bin\jsvml.dll
Event: 0.170 Loaded shared library C:\Program Files\Java\jdk-21\bin\instrument.dll
Event: 0.217 Loaded shared library C:\Program Files\Java\jdk-21\bin\net.dll
Event: 0.219 Loaded shared library C:\Program Files\Java\jdk-21\bin\nio.dll
Event: 0.230 Loaded shared library C:\Program Files\Java\jdk-21\bin\zip.dll
Event: 0.291 Loaded shared library C:\Program Files\Java\jdk-21\bin\jimage.dll
Event: 0.345 Loaded shared library C:\Users\mommy\AppData\Local\Temp\lwjgl_mommy\3.3.4+7\x64\lwjgl.dll
Event: 0.762 Loaded shared library C:\Users\mommy\AppData\Local\Temp\lwjgl_mommy\3.3.4+7\x64\lwjgl_opengl.dll
Event: 1.208 Loaded shared library C:\Program Files\Java\jdk-21\bin\verify.dll
Event: 1.269 Loaded shared library C:\Program Files\Java\jdk-21\bin\awt.dll

Deoptimization events (20 events):
Event: 0.525 Thread 0x000002b391238a60 DEOPT PACKING pc=0x000002b39ba16ec0 sp=0x000000d4893fe260
Event: 0.525 Thread 0x000002b391238a60 DEOPT UNPACKING pc=0x000002b3a2ef88e2 sp=0x000000d4893fd6f8 mode 0
Event: 0.525 Thread 0x000002b391238a60 DEOPT PACKING pc=0x000002b39ba16ec0 sp=0x000000d4893fe260
Event: 0.525 Thread 0x000002b391238a60 DEOPT UNPACKING pc=0x000002b3a2ef88e2 sp=0x000000d4893fd6f8 mode 0
Event: 0.955 Thread 0x000002b391238a60 Uncommon trap: trap_request=0xffffff54 fr.pc=0x000002b3a3472298 relative=0x0000000000000078
Event: 0.955 Thread 0x000002b391238a60 Uncommon trap: reason=speculate_null_assert action=make_not_entrant pc=0x000002b3a3472298 method=sun.misc.Unsafe.putLong(Ljava/lang/Object;JJ)V @ 7 c2
Event: 0.955 Thread 0x000002b391238a60 DEOPT PACKING pc=0x000002b3a3472298 sp=0x000000d4893fefb0
Event: 0.955 Thread 0x000002b391238a60 DEOPT UNPACKING pc=0x000002b3a2ef7da2 sp=0x000000d4893fef48 mode 2
Event: 0.958 Thread 0x000002b391238a60 Uncommon trap: trap_request=0xffffff54 fr.pc=0x000002b3a3472f10 relative=0x0000000000000070
Event: 0.958 Thread 0x000002b391238a60 Uncommon trap: reason=speculate_null_assert action=make_not_entrant pc=0x000002b3a3472f10 method=sun.misc.Unsafe.getLong(Ljava/lang/Object;J)J @ 5 c2
Event: 0.958 Thread 0x000002b391238a60 DEOPT PACKING pc=0x000002b3a3472f10 sp=0x000000d4893ff010
Event: 0.958 Thread 0x000002b391238a60 DEOPT UNPACKING pc=0x000002b3a2ef7da2 sp=0x000000d4893fefa8 mode 2
Event: 1.360 Thread 0x000002b391238a60 Uncommon trap: trap_request=0xffffff45 fr.pc=0x000002b3a3463828 relative=0x00000000000001c8
Event: 1.360 Thread 0x000002b391238a60 Uncommon trap: reason=unstable_if action=reinterpret pc=0x000002b3a3463828 method=java.lang.invoke.VarHandle.checkAccessModeThenIsDirect(Ljava/lang/invoke/VarHandle$AccessDescriptor;)Z @ 4 c2
Event: 1.360 Thread 0x000002b391238a60 DEOPT PACKING pc=0x000002b3a3463828 sp=0x000000d4893ff040
Event: 1.360 Thread 0x000002b391238a60 DEOPT UNPACKING pc=0x000002b3a2ef7da2 sp=0x000000d4893fef78 mode 2
Event: 1.474 Thread 0x000002b391238a60 Uncommon trap: trap_request=0xffffff45 fr.pc=0x000002b3a347dbd8 relative=0x0000000000000778
Event: 1.474 Thread 0x000002b391238a60 Uncommon trap: reason=unstable_if action=reinterpret pc=0x000002b3a347dbd8 method=java.lang.StringLatin1.newString([BII)Ljava/lang/String; @ 1 c2
Event: 1.474 Thread 0x000002b391238a60 DEOPT PACKING pc=0x000002b3a347dbd8 sp=0x000000d4893fd2e0
Event: 1.474 Thread 0x000002b391238a60 DEOPT UNPACKING pc=0x000002b3a2ef7da2 sp=0x000000d4893fd280 mode 2

Classes loaded (20 events):
Event: 164.357 Loading class java/lang/SecurityException
Event: 164.357 Loading class java/lang/SecurityException done
Event: 164.368 Loading class org/joml/Matrix4d
Event: 164.368 Loading class org/joml/Matrix4d done
Event: 164.385 Loading class org/joml/Matrix4dc
Event: 164.385 Loading class org/joml/Matrix4dc done
Event: 164.406 Loading class org/joml/Vector4dc
Event: 164.406 Loading class org/joml/Vector4dc done
Event: 164.445 Loading class jdk/internal/misc/Signal$1
Event: 164.445 Loading class jdk/internal/misc/Signal$1 done
Event: 164.447 Loading class jdk/internal/logger/SurrogateLogger
Event: 164.447 Loading class jdk/internal/logger/SimpleConsoleLogger
Event: 164.448 Loading class sun/util/logging/PlatformLogger$ConfigurableBridge$LoggerConfiguration
Event: 164.448 Loading class sun/util/logging/PlatformLogger$ConfigurableBridge$LoggerConfiguration done
Event: 164.448 Loading class jdk/internal/logger/SimpleConsoleLogger done
Event: 164.448 Loading class jdk/internal/logger/SurrogateLogger done
Event: 164.450 Loading class java/util/WeakHashMap$KeyIterator
Event: 164.450 Loading class java/util/WeakHashMap$HashIterator
Event: 164.450 Loading class java/util/WeakHashMap$HashIterator done
Event: 164.450 Loading class java/util/WeakHashMap$KeyIterator done

Classes unloaded (0 events):
No events

Classes redefined (0 events):
No events

Internal exceptions (20 events):
Event: 0.353 Thread 0x000002b391238a60 Exception <a 'sun/nio/fs/WindowsException'{0x0000000712eac440}> (0x0000000712eac440) 
thrown [s\open\src\hotspot\share\prims\jni.cpp, line 520]
Event: 0.477 Thread 0x000002b391238a60 Exception <a 'sun/nio/fs/WindowsException'{0x0000000712fe4730}> (0x0000000712fe4730) 
thrown [s\open\src\hotspot\share\prims\jni.cpp, line 520]
Event: 0.477 Thread 0x000002b391238a60 Exception <a 'sun/nio/fs/WindowsException'{0x0000000712fe4a90}> (0x0000000712fe4a90) 
thrown [s\open\src\hotspot\share\prims\jni.cpp, line 520]
Event: 0.491 Thread 0x000002b391238a60 Exception <a 'java/lang/NoSuchMethodError'{0x0000000712c52f30}: 'int java.lang.invoke.DirectMethodHandle$Holder.invokeStaticInit(java.lang.Object, java.lang.Object, int, long)'> (0x0000000712c52f30) 
thrown [s\open\src\hotspot\share\interpreter\linkResolver.cpp, line 773]
Event: 0.492 Thread 0x000002b391238a60 Exception <a 'java/lang/NoSuchMethodError'{0x0000000712c57f90}: 'java.lang.Object java.lang.invoke.DirectMethodHandle$Holder.newInvokeSpecial(java.lang.Object, java.lang.Object, int)'> (0x0000000712c57f90) 
thrown [s\open\src\hotspot\share\interpreter\linkResolver.cpp, line 773]
Event: 0.496 Thread 0x000002b391238a60 Exception <a 'java/lang/NoSuchMethodError'{0x0000000712c6b3e0}: 'int java.lang.invoke.DirectMethodHandle$Holder.invokeStaticInit(java.lang.Object, java.lang.Object, long, long)'> (0x0000000712c6b3e0) 
thrown [s\open\src\hotspot\share\interpreter\linkResolver.cpp, line 773]
Event: 0.497 Thread 0x000002b391238a60 Exception <a 'java/lang/NoSuchMethodError'{0x0000000712c70c48}: 'java.lang.Object java.lang.invoke.DirectMethodHandle$Holder.newInvokeSpecial(java.lang.Object, java.lang.Object, long)'> (0x0000000712c70c48) 
thrown [s\open\src\hotspot\share\interpreter\linkResolver.cpp, line 773]
Event: 0.497 Thread 0x000002b391238a60 Exception <a 'java/lang/NoSuchMethodError'{0x0000000712c74cb0}: 'java.lang.Object java.lang.invoke.Invokers$Holder.linkToTargetMethod(java.lang.Object, long, java.lang.Object)'> (0x0000000712c74cb0) 
thrown [s\open\src\hotspot\share\interpreter\linkResolver.cpp, line 773]
Event: 0.498 Thread 0x000002b391238a60 Exception <a 'java/lang/NoSuchMethodError'{0x0000000712c7bd38}: 'int java.lang.invoke.DirectMethodHandle$Holder.invokeStaticInit(java.lang.Object, java.lang.Object, java.lang.Object, long)'> (0x0000000712c7bd38) 
thrown [s\open\src\hotspot\share\interpreter\linkResolver.cpp, line 773]
Event: 0.746 Thread 0x000002b391238a60 Exception <a 'java/lang/NoSuchMethodError'{0x0000000712d19978}: 'void java.lang.System.load(java.lang.String, java.lang.Class)'> (0x0000000712d19978) 
thrown [s\open\src\hotspot\share\interpreter\linkResolver.cpp, line 773]
Event: 0.747 Thread 0x000002b391238a60 Exception <a 'java/lang/NoSuchMethodError'{0x0000000712d1c318}: 'void java.lang.System.loadLibrary(java.lang.String, java.lang.Class)'> (0x0000000712d1c318) 
thrown [s\open\src\hotspot\share\interpreter\linkResolver.cpp, line 773]
Event: 0.757 Thread 0x000002b391238a60 Exception <a 'sun/nio/fs/WindowsException'{0x0000000712d2b4a8}> (0x0000000712d2b4a8) 
thrown [s\open\src\hotspot\share\prims\jni.cpp, line 520]
Event: 0.757 Thread 0x000002b391238a60 Exception <a 'sun/nio/fs/WindowsException'{0x0000000712d2b848}> (0x0000000712d2b848) 
thrown [s\open\src\hotspot\share\prims\jni.cpp, line 520]
Event: 0.770 Thread 0x000002b391238a60 Exception <a 'sun/nio/fs/WindowsException'{0x0000000712d34498}> (0x0000000712d34498) 
thrown [s\open\src\hotspot\share\prims\jni.cpp, line 520]
Event: 0.770 Thread 0x000002b391238a60 Exception <a 'sun/nio/fs/WindowsException'{0x0000000712d34768}> (0x0000000712d34768) 
thrown [s\open\src\hotspot\share\prims\jni.cpp, line 520]
Event: 1.258 Thread 0x000002b391238a60 Exception <a 'java/lang/ClassNotFoundException'{0x00000007126d3ac0}: sun/awt/resources/spi/awtProvider> (0x00000007126d3ac0) 
thrown [s\open\src\hotspot\share\classfile\systemDictionary.cpp, line 312]
Event: 1.281 Thread 0x000002b391238a60 Exception <a 'java/io/FileNotFoundException'{0x000000071272d430}> (0x000000071272d430) 
thrown [s\open\src\hotspot\share\prims\jni.cpp, line 520]
Event: 1.288 Thread 0x000002b391238a60 Exception <a 'java/io/FileNotFoundException'{0x0000000712757d40}> (0x0000000712757d40) 
thrown [s\open\src\hotspot\share\prims\jni.cpp, line 520]
Event: 1.314 Thread 0x000002b391238a60 Exception <a 'java/lang/NoSuchMethodError'{0x00000007127e6980}: 'java.lang.Object java.lang.invoke.DirectMethodHandle$Holder.invokeStaticInit(java.lang.Object, int, int, int, int)'> (0x00000007127e6980) 
thrown [s\open\src\hotspot\share\interpreter\linkResolver.cpp, line 773]
Event: 1.343 Thread 0x000002b391238a60 Exception <a 'java/lang/NoSuchMethodError'{0x00000007124d33c8}: 'java.lang.Object java.lang.invoke.DirectMethodHandle$Holder.invokeStaticInit(java.lang.Object, java.lang.Object, int, int, int, int)'> (0x00000007124d33c8) 
thrown [s\open\src\hotspot\share\interpreter\linkResolver.cpp, line 773]

ZGC Phase Switch (0 events):
No events

VM Operations (20 events):
Event: 13.055 Executing VM operation: get/set locals done
Event: 13.055 Executing VM operation: get/set locals
Event: 13.055 Executing VM operation: get/set locals done
Event: 13.055 Executing VM operation: get/set locals
Event: 13.055 Executing VM operation: get/set locals done
Event: 13.055 Executing VM operation: get/set locals
Event: 13.055 Executing VM operation: get/set locals done
Event: 46.334 Executing VM operation: get/set locals
Event: 46.334 Executing VM operation: get/set locals done
Event: 164.315 Executing VM operation: ChangeBreakpoints
Event: 164.315 Executing VM operation: ChangeBreakpoints done
Event: 164.315 Executing VM operation: ChangeBreakpoints
Event: 164.315 Executing VM operation: ChangeBreakpoints done
Event: 164.315 Executing VM operation: ChangeBreakpoints
Event: 164.316 Executing VM operation: ChangeBreakpoints done
Event: 164.316 Executing VM operation: ChangeBreakpoints
Event: 164.316 Executing VM operation: ChangeBreakpoints done
Event: 164.375 Executing VM operation: G1CollectForAllocation (G1 Evacuation Pause)
Event: 164.383 Executing VM operation: G1CollectForAllocation (G1 Evacuation Pause) done
Event: 164.451 Executing VM operation: Exit

Events (20 events):
Event: 0.056 Thread 0x000002b3b20c9c90 Thread added: 0x000002b3b20c9c90
Event: 0.056 Thread 0x000002b3b20cc830 Thread added: 0x000002b3b20cc830
Event: 0.056 Thread 0x000002b3f8002830 Thread added: 0x000002b3f8002830
Event: 0.056 Thread 0x000002b3f8010130 Thread added: 0x000002b3f8010130
Event: 0.057 Thread 0x000002b3f80313f0 Thread added: 0x000002b3f80313f0
Event: 0.106 Thread 0x000002b3f80000d0 Thread added: 0x000002b3f80000d0
Event: 0.144 Thread 0x000002b3f820efc0 Thread added: 0x000002b3f820efc0
Event: 0.144 Thread 0x000002b3f82207c0 Thread added: 0x000002b3f82207c0
Event: 0.144 Thread 0x000002b3f82176a0 Thread added: 0x000002b3f82176a0
Event: 0.190 Thread 0x000002b3f8001480 Thread added: 0x000002b3f8001480
Event: 1.237 Thread 0x000002b380c0fab0 Thread added: 0x000002b380c0fab0
Event: 1.249 Thread 0x000002b380cc7d20 Thread added: 0x000002b380cc7d20
Event: 1.353 Thread 0x000002b3f8000df0 Thread added: 0x000002b3f8000df0
Event: 1.854 Thread 0x000002b380cc7d20 Thread exited: 0x000002b380cc7d20
Event: 1.856 Thread 0x000002b380c0fab0 Thread exited: 0x000002b380c0fab0
Event: 164.315 Thread 0x000002b3f82176a0 Thread exited: 0x000002b3f82176a0
Event: 164.318 Thread 0x000002b3f820efc0 Thread exited: 0x000002b3f820efc0
Event: 164.446 Thread 0x000002b3f8001b10 Thread added: 0x000002b3f8001b10
Event: 164.450 Thread 0x000002b3f80021a0 Thread added: 0x000002b3f80021a0
Event: 164.451 Thread 0x000002b3f80021a0 Thread exited: 0x000002b3f80021a0


Dynamic libraries:
0x00007ff685de0000 - 0x00007ff685df0000 	C:\Program Files\Java\jdk-21\bin\java.exe
0x00007ffb46b10000 - 0x00007ffb46d27000 	C:\WINDOWS\SYSTEM32\ntdll.dll
0x00007ffb45990000 - 0x00007ffb45a54000 	C:\WINDOWS\System32\KERNEL32.DLL
0x00007ffb44030000 - 0x00007ffb443e7000 	C:\WINDOWS\System32\KERNELBASE.dll
0x00007ffb44500000 - 0x00007ffb44611000 	C:\WINDOWS\System32\ucrtbase.dll
0x00007ffb3bd10000 - 0x00007ffb3bd29000 	C:\Program Files\Java\jdk-21\bin\jli.dll
0x00007ffb469c0000 - 0x00007ffb46a72000 	C:\WINDOWS\System32\ADVAPI32.dll
0x00007ffb45430000 - 0x00007ffb454d7000 	C:\WINDOWS\System32\msvcrt.dll
0x00007ffb45a60000 - 0x00007ffb45b08000 	C:\WINDOWS\System32\sechost.dll
0x00007ffb44000000 - 0x00007ffb44028000 	C:\WINDOWS\System32\bcrypt.dll
0x00007ffb44840000 - 0x00007ffb44954000 	C:\WINDOWS\System32\RPCRT4.dll
0x00007ffb44980000 - 0x00007ffb44b2f000 	C:\WINDOWS\System32\USER32.dll
0x00007ffb446a0000 - 0x00007ffb446c6000 	C:\WINDOWS\System32\win32u.dll
0x00007ffb460a0000 - 0x00007ffb460c9000 	C:\WINDOWS\System32\GDI32.dll
0x00007ffb43e20000 - 0x00007ffb43f38000 	C:\WINDOWS\System32\gdi32full.dll
0x00007ffb443f0000 - 0x00007ffb4448a000 	C:\WINDOWS\System32\msvcp_win.dll
0x00007ffb3b1f0000 - 0x00007ffb3b20b000 	C:\Program Files\Java\jdk-21\bin\VCRUNTIME140.dll
0x00007ffb24730000 - 0x00007ffb249c3000 	C:\WINDOWS\WinSxS\amd64_microsoft.windows.common-controls_6595b64144ccf1df_6.0.22621.3672_none_2713b9d173822955\COMCTL32.dll
0x00007ffb3d980000 - 0x00007ffb3d98a000 	C:\WINDOWS\SYSTEM32\VERSION.dll
0x00007ffb45950000 - 0x00007ffb45981000 	C:\WINDOWS\System32\IMM32.DLL
0x00007ffb24430000 - 0x00007ffb24591000 	C:\Program Files (x86)\Citrix\ICA Client\ctxapclient64.dll
0x00007ffb45c80000 - 0x00007ffb4600e000 	C:\WINDOWS\System32\combase.dll
0x00007ffb42f40000 - 0x00007ffb42f74000 	C:\WINDOWS\SYSTEM32\ntmarta.dll
0x00007ffb44620000 - 0x00007ffb4469b000 	C:\WINDOWS\System32\bcryptprimitives.dll
0x00007ffb24240000 - 0x00007ffb2427a000 	C:\Program Files (x86)\Citrix\ICA Client\Receiver\FeatureFlagHelper64.dll
0x00007ffb40b70000 - 0x00007ffb40b7c000 	C:\Program Files\Java\jdk-21\bin\vcruntime140_1.dll
0x00007ffb21d40000 - 0x00007ffb21dce000 	C:\Program Files\Java\jdk-21\bin\msvcp140.dll
0x00007ffade0d0000 - 0x00007ffadede7000 	C:\Program Files\Java\jdk-21\bin\server\jvm.dll
0x00007ffb46010000 - 0x00007ffb46081000 	C:\WINDOWS\System32\WS2_32.dll
0x00007ffb43a90000 - 0x00007ffb43add000 	C:\WINDOWS\SYSTEM32\POWRPROF.dll
0x00007ffb3bc80000 - 0x00007ffb3bcb4000 	C:\WINDOWS\SYSTEM32\WINMM.dll
0x00007ffb43a50000 - 0x00007ffb43a63000 	C:\WINDOWS\SYSTEM32\UMPDC.dll
0x00007ffb42e30000 - 0x00007ffb42e48000 	C:\WINDOWS\SYSTEM32\kernel.appcore.dll
0x00007ffb3ede0000 - 0x00007ffb3edea000 	C:\Program Files\Java\jdk-21\bin\jimage.dll
0x00007ffb411d0000 - 0x00007ffb41402000 	C:\WINDOWS\SYSTEM32\DBGHELP.DLL
0x00007ffb45ba0000 - 0x00007ffb45c77000 	C:\WINDOWS\System32\OLEAUT32.dll
0x00007ffb36e20000 - 0x00007ffb36e52000 	C:\WINDOWS\SYSTEM32\dbgcore.DLL
0x00007ffb33630000 - 0x00007ffb3366c000 	C:\Program Files\Java\jdk-21\bin\jdwp.dll
0x00007ffb3ed10000 - 0x00007ffb3ed1f000 	C:\Program Files\Java\jdk-21\bin\instrument.dll
0x00007ffb3acb0000 - 0x00007ffb3accf000 	C:\Program Files\Java\jdk-21\bin\java.dll
0x00007ffb31f40000 - 0x00007ffb31f58000 	C:\Program Files\Java\jdk-21\bin\zip.dll
0x000002b3b2620000 - 0x000002b3b2e89000 	C:\WINDOWS\System32\SHELL32.dll
0x00007ffb41d40000 - 0x00007ffb4263f000 	C:\WINDOWS\SYSTEM32\windows.storage.dll
0x00007ffb41c00000 - 0x00007ffb41d3f000 	C:\WINDOWS\SYSTEM32\wintypes.dll
0x00007ffb468c0000 - 0x00007ffb469b9000 	C:\WINDOWS\System32\SHCORE.dll
0x00007ffb458e0000 - 0x00007ffb4593e000 	C:\WINDOWS\System32\shlwapi.dll
0x00007ffb43d50000 - 0x00007ffb43d77000 	C:\WINDOWS\SYSTEM32\profapi.dll
0x00007ffb18d80000 - 0x00007ffb18e57000 	C:\Program Files\Java\jdk-21\bin\jsvml.dll
0x00007ffb3a910000 - 0x00007ffb3a91c000 	C:\Program Files\Java\jdk-21\bin\dt_socket.dll
0x00007ffb428a0000 - 0x00007ffb428cd000 	C:\WINDOWS\SYSTEM32\IPHLPAPI.DLL
0x00007ffb43290000 - 0x00007ffb432f9000 	C:\WINDOWS\system32\mswsock.dll
0x00007ffb3bd00000 - 0x00007ffb3bd10000 	C:\Program Files\Java\jdk-21\bin\net.dll
0x00007ffb3d5e0000 - 0x00007ffb3d716000 	C:\WINDOWS\SYSTEM32\WINHTTP.dll
0x00007ffb21d20000 - 0x00007ffb21d36000 	C:\Program Files\Java\jdk-21\bin\nio.dll
0x00007ffb0f420000 - 0x00007ffb0f49b000 	C:\Users\mommy\AppData\Local\Temp\lwjgl_mommy\3.3.4+7\x64\lwjgl.dll
0x00007ffafd650000 - 0x00007ffafd6d5000 	C:\Users\mommy\AppData\Local\Temp\lwjgl_mommy\3.3.4+7\x64\glfw.dll
0x00007ffb21cd0000 - 0x00007ffb21d16000 	C:\WINDOWS\SYSTEM32\dinput8.dll
0x00007ffb21110000 - 0x00007ffb21121000 	C:\WINDOWS\SYSTEM32\xinput1_4.dll
0x00007ffb43b10000 - 0x00007ffb43b5e000 	C:\WINDOWS\SYSTEM32\cfgmgr32.dll
0x00007ffb43ae0000 - 0x00007ffb43b0c000 	C:\WINDOWS\SYSTEM32\DEVOBJ.dll
0x00007ffb410b0000 - 0x00007ffb410db000 	C:\WINDOWS\SYSTEM32\dwmapi.dll
0x00007ffb30df0000 - 0x00007ffb31003000 	C:\WINDOWS\SYSTEM32\inputhost.dll
0x00007ffb3e0e0000 - 0x00007ffb3e213000 	C:\WINDOWS\SYSTEM32\CoreMessaging.dll
0x00007ffb40e30000 - 0x00007ffb40ee1000 	C:\WINDOWS\system32\uxtheme.dll
0x00007ffb456b0000 - 0x00007ffb45810000 	C:\WINDOWS\System32\MSCTF.dll
0x00007ffb434c0000 - 0x00007ffb434cc000 	C:\WINDOWS\SYSTEM32\CRYPTBASE.DLL
0x00007ffb30030000 - 0x00007ffb30130000 	C:\WINDOWS\SYSTEM32\opengl32.dll
0x00007ffb3a890000 - 0x00007ffb3a8bd000 	C:\WINDOWS\SYSTEM32\GLU32.dll
0x00007ffb40f60000 - 0x00007ffb40f97000 	C:\WINDOWS\SYSTEM32\dxcore.dll
0x00007ffb31010000 - 0x00007ffb31059000 	C:\WINDOWS\SYSTEM32\directxdatabasehelper.dll
0x000002b3f9e00000 - 0x000002b3f9eb0000 	C:\WINDOWS\System32\clbcatq.dll
0x00007ffadd0a0000 - 0x00007ffade0c5000 	C:\WINDOWS\System32\DriverStore\FileRepository\iigd_dch.inf_amd64_7df576fcfa9adb45\ig11icd64.dll
0x00007ffb460d0000 - 0x00007ffb46275000 	C:\WINDOWS\System32\ole32.dll
0x00007ffb40fa0000 - 0x00007ffb41097000 	C:\WINDOWS\system32\dxgi.dll
0x00007ffae7e90000 - 0x00007ffae82cc000 	C:\WINDOWS\System32\DriverStore\FileRepository\iigd_dch.inf_amd64_7df576fcfa9adb45\igdml64.dll
0x00007ffb2af30000 - 0x00007ffb2b266000 	C:\WINDOWS\System32\DriverStore\FileRepository\iigd_dch.inf_amd64_7df576fcfa9adb45\igdgmm64.dll
0x00007ffb27fe0000 - 0x00007ffb2ad6f000 	C:\WINDOWS\System32\DriverStore\FileRepository\iigd_dch.inf_amd64_7df576fcfa9adb45\igc64.dll
0x00007ffb25b90000 - 0x00007ffb25cd3000 	C:\WINDOWS\SYSTEM32\textinputframework.dll
0x00007ffb2f7b0000 - 0x00007ffb2fb1d000 	C:\WINDOWS\SYSTEM32\CoreUIComponents.dll
0x00007ffb272a0000 - 0x00007ffb27309000 	C:\WINDOWS\system32\Oleacc.dll
0x00007ffb18d10000 - 0x00007ffb18d71000 	C:\Users\mommy\AppData\Local\Temp\lwjgl_mommy\3.3.4+7\x64\lwjgl_opengl.dll
0x00007ffb23af0000 - 0x00007ffb23b00000 	C:\Program Files\Java\jdk-21\bin\verify.dll
0x00007ffaf4ab0000 - 0x00007ffaf4c3f000 	C:\Program Files\Java\jdk-21\bin\awt.dll
0x00007ffb3f480000 - 0x00007ffb3f517000 	C:\WINDOWS\SYSTEM32\apphelp.dll
0x00007ffb434a0000 - 0x00007ffb434bb000 	C:\WINDOWS\SYSTEM32\CRYPTSP.dll
0x00007ffb42d90000 - 0x00007ffb42dc5000 	C:\WINDOWS\system32\rsaenh.dll
0x00007ffb43340000 - 0x00007ffb43368000 	C:\WINDOWS\SYSTEM32\USERENV.dll
0x00007ffb46090000 - 0x00007ffb46099000 	C:\WINDOWS\System32\NSI.dll

dbghelp: loaded successfully - version: 4.0.5 - missing functions: none
symbol engine: initialized successfully - sym options: 0x614 - pdb path: .;C:\Program Files\Java\jdk-21\bin;C:\WINDOWS\SYSTEM32;C:\WINDOWS\WinSxS\amd64_microsoft.windows.common-controls_6595b64144ccf1df_6.0.22621.3672_none_2713b9d173822955;C:\Program Files (x86)\Citrix\ICA Client;C:\Program Files (x86)\Citrix\ICA Client\Receiver;C:\Program Files\Java\jdk-21\bin\server;C:\Users\mommy\AppData\Local\Temp\lwjgl_mommy\3.3.4+7\x64;C:\WINDOWS\System32\DriverStore\FileRepository\iigd_dch.inf_amd64_7df576fcfa9adb45

VM Arguments:
jvm_args: -agentlib:jdwp=transport=dt_socket,address=127.0.0.1:52040,suspend=y,server=n -javaagent:C:\Users\mommy\AppData\Local\JetBrains\IdeaIC2024.2\captureAgent\debugger-agent.jar -Dkotlinx.coroutines.debug.enable.creation.stack.trace=false -Ddebugger.agent.enable.coroutines=true -Dfile.encoding=UTF-8 -Dsun.stdout.encoding=UTF-8 -Dsun.stderr.encoding=UTF-8 
java_command: com.tecksupport.Main
java_class_path (initial): C:\Users\mommy\IdeaProjects\myPath\target\classes;C:\Users\mommy\.m2\repository\org\lwjgl\lwjgl\3.3.4\lwjgl-3.3.4.jar;C:\Users\mommy\.m2\repository\org\lwjgl\lwjgl-assimp\3.3.4\lwjgl-assimp-3.3.4.jar;C:\Users\mommy\.m2\repository\org\lwjgl\lwjgl-glfw\3.3.4\lwjgl-glfw-3.3.4.jar;C:\Users\mommy\.m2\repository\org\lwjgl\lwjgl-openal\3.3.4\lwjgl-openal-3.3.4.jar;C:\Users\mommy\.m2\repository\org\lwjgl\lwjgl-opengl\3.3.4\lwjgl-opengl-3.3.4.jar;C:\Users\mommy\.m2\repository\org\lwjgl\lwjgl-stb\3.3.4\lwjgl-stb-3.3.4.jar;C:\Users\mommy\.m2\repository\org\lwjgl\lwjgl\3.3.4\lwjgl-3.3.4-natives-windows.jar;C:\Users\mommy\.m2\repository\org\lwjgl\lwjgl-assimp\3.3.4\lwjgl-assimp-3.3.4-natives-windows.jar;C:\Users\mommy\.m2\repository\org\lwjgl\lwjgl-glfw\3.3.4\lwjgl-glfw-3.3.4-natives-windows.jar;C:\Users\mommy\.m2\repository\org\lwjgl\lwjgl-openal\3.3.4\lwjgl-openal-3.3.4-natives-windows.jar;C:\Users\mommy\.m2\repository\org\lwjgl\lwjgl-opengl\3.3.4\lwjgl-opengl-3.3.4-natives-windows.jar;C:\Users\mommy\.m2\repository\org\lwjgl\lwjgl-stb\3.3.4\lwjgl-stb-3.3.4-natives-windows.jar;C:\Users\mommy\.m2\repository\org\joml\joml\1.10.7\joml-1.10.7.jar;C:\Users\mommy\.m2\repository\org\joml\joml-primitives\1.10.0\joml-primitives-1.10.0.jar;C:\Users\mommy\.m2\repository\de\svenkubiak\jBCrypt\0.4.1\jBCrypt-0.4.1.jar;C:\Users\mommy\.m2\repository\com\mysql\mysql-connector-j\8.0.33\mysql-connector-j-8.0.33.jar;C:\Users\mommy\.m2\repository\com\google\protobuf\protobuf-java\3.21.9\protobuf-java-3.21.9.jar;C:\Program Files\JetBrains\IntelliJ IDEA Community Edition 2024.2.0.2\lib\idea_rt.jar
Launcher Type: SUN_STANDARD

[Global flags]
     intx CICompilerCount                          = 4                                         {product} {ergonomic}
     uint ConcGCThreads                            = 2                                         {product} {ergonomic}
     uint G1ConcRefinementThreads                  = 8                                         {product} {ergonomic}
   size_t G1HeapRegionSize                         = 2097152                                   {product} {ergonomic}
    uintx GCDrainStackTargetSize                   = 64                                        {product} {ergonomic}
   size_t InitialHeapSize                          = 266338304                                 {product} {ergonomic}
   size_t MarkStackSize                            = 4194304                                   {product} {ergonomic}
   size_t MaxHeapSize                              = 4236247040                                {product} {ergonomic}
   size_t MaxNewSize                               = 2541748224                                {product} {ergonomic}
   size_t MinHeapDeltaBytes                        = 2097152                                   {product} {ergonomic}
   size_t MinHeapSize                              = 8388608                                   {product} {ergonomic}
    uintx NonNMethodCodeHeapSize                   = 5839372                                {pd product} {ergonomic}
    uintx NonProfiledCodeHeapSize                  = 122909434                              {pd product} {ergonomic}
    uintx ProfiledCodeHeapSize                     = 122909434                              {pd product} {ergonomic}
    uintx ReservedCodeCacheSize                    = 251658240                              {pd product} {ergonomic}
     bool SegmentedCodeCache                       = true                                      {product} {ergonomic}
   size_t SoftMaxHeapSize                          = 4236247040                             {manageable} {ergonomic}
     bool UseCompressedOops                        = true                           {product lp64_product} {ergonomic}
     bool UseG1GC                                  = true                                      {product} {ergonomic}
     bool UseLargePagesIndividualAllocation        = false                                  {pd product} {ergonomic}

Logging:
Log output configuration:
 #0: stdout all=off uptime,level,tags foldmultilines=false
 #1: stderr all=off uptime,level,tags foldmultilines=false

Environment Variables:
PATH=C:\Program Files\Common Files\Oracle\Java\javapath;C:\Program Files\Eclipse Foundation\jdk-8.0.302.8-hotspot\bin;C:\Program Files (x86)\Common Files\Oracle\Java\javapath;C:\Windows\system32;C:\Windows;C:\Windows\System32\Wbem;C:\Windows\System32\WindowsPowerShell\v1.0\;C:\Windows\System32\OpenSSH\;C:\Program Files\Microsoft SQL Server\130\Tools\Binn\;C:\Program Files\Microsoft SQL Server\Client SDK\ODBC\170\Tools\Binn\;C:\Program Files\dotnet\;C:\Program Files\Microsoft SQL Server\150\Tools\Binn\;C:\WINDOWS\system32;C:\WINDOWS;C:\WINDOWS\System32\Wbem;C:\WINDOWS\System32\WindowsPowerShell\v1.0\;C:\WINDOWS\System32\OpenSSH\;C:\Program Files\PuTTY\;C:\msys64\mingw64\bin;C:\Program Files\Git\cmd;C:\Program Files\MySQL\MySQL Shell 9.0\bin\;C:\Users\mommy\AppData\Local\Programs\Python\Python39\Scripts\;C:\Users\mommy\AppData\Local\Programs\Python\Python39\;C:\Users\mommy\AppData\Local\Microsoft\WindowsApps;C:\Users\mommy\AppData\Local\Programs\Microsoft VS Code\bin;C:\Users\mommy\.dotnet\tools;C:\Users\mommy\AppData\Local\GitHubDesktop\bin
USERNAME=mommy
OS=Windows_NT
PROCESSOR_IDENTIFIER=Intel64 Family 6 Model 126 Stepping 5, GenuineIntel
TMP=C:\Users\mommy\AppData\Local\Temp
TEMP=C:\Users\mommy\AppData\Local\Temp




Periodic native trim disabled

---------------  S Y S T E M  ---------------

OS:
 Windows 11 , 64 bit Build 22621 (10.0.22621.3958)
OS uptime: 7 days 10:33 hours
Hyper-V role detected

CPU: total 8 (initial active 8) (4 cores per cpu, 2 threads per core) family 6 model 126 stepping 5 microcode 0xa6, cx8, cmov, fxsr, ht, mmx, 3dnowpref, sse, sse2, sse3, ssse3, sse4.1, sse4.2, popcnt, lzcnt, tsc, tscinvbit, avx, avx2, aes, erms, clmul, bmi1, bmi2, adx, avx512f, avx512dq, avx512cd, avx512bw, avx512vl, sha, fma, vzeroupper, avx512_vpopcntdq, avx512_vpclmulqdq, avx512_vaes, avx512_vnni, clflush, clflushopt, avx512_vbmi2, avx512_vbmi, hv, rdtscp, rdpid, fsrm, gfni, avx512_bitalg, f16c, avx512_ifma
Processor Information for processor 0
  Max Mhz: 1498, Current Mhz: 998, Mhz Limit: 1288
Processor Information for processor 1
  Max Mhz: 1498, Current Mhz: 998, Mhz Limit: 1288
Processor Information for processor 2
  Max Mhz: 1498, Current Mhz: 1298, Mhz Limit: 1288
Processor Information for processor 3
  Max Mhz: 1498, Current Mhz: 998, Mhz Limit: 1288
Processor Information for processor 4
  Max Mhz: 1498, Current Mhz: 998, Mhz Limit: 1288
Processor Information for processor 5
  Max Mhz: 1498, Current Mhz: 1298, Mhz Limit: 1288
Processor Information for processor 6
  Max Mhz: 1498, Current Mhz: 998, Mhz Limit: 1288
Processor Information for processor 7
  Max Mhz: 1498, Current Mhz: 998, Mhz Limit: 1288

Memory: 4k page, system-wide physical 16153M (5092M free)
TotalPageFile size 23833M (AvailPageFile size 9712M)
current process WorkingSet (physical memory assigned to process): 148M, peak: 151M
current process commit charge ("private bytes"): 402M, peak: 406M

vm_info: Java HotSpot(TM) 64-Bit Server VM (21.0.2+13-LTS-58) for windows-amd64 JRE (21.0.2+13-LTS-58), built on 2024-01-05T18:32:24Z by "mach5one" with MS VC++ 17.1 (VS2022)

END.
